Volatility 3 Framework 2.8.0

Offset	Start	Size	Service Key	Driver Name	Name

0x1f0b478	0xb1e59000	0x2a180	kmixer	kmixer	\Driver\kmixer
0x1ff32c0	0xf8790000	0x9e80	NDProxy	NDProxy	\Driver\NDProxy
0x1ff3f38	0xf87b0000	0xe880	usbhub	usbhub	\Driver\usbhub
0x1ff4730	0xf8a8a000	0x1100	swenum	swenum	\Driver\swenum
0x1ff51f0	0xf817d000	0x29000	iScsiPrt	iScsiPrt	\Driver\iScsiPrt
0x1ff7838	0xf8780000	0x9f00	TermDD	TermDD	\Driver\TermDD
0x1ff9030	0xf81ce000	0x2fe80	rdpdr	rdpdr	\Driver\rdpdr
0x1ff9180	0xf8108000	0x5df00	Update	Update	\Driver\Update
0x1ffa498	0xf88b0000	0x4080	Raspti	Raspti	\Driver\Raspti
0x2041b10	0xf88d0000	0x4a80	Msfs	Msfs	\FileSystem\Msfs
0x204cda0	0xf88d8000	0x7880	Npfs	Npfs	\FileSystem\Npfs
0x204dda0	0xf88c8000	0x5200	VgaSave	VgaSave	\Driver\VgaSave
0x2056f38	0xf8a92000	0x1080	mnmdd	mnmdd	\Driver\mnmdd
0x2057408	0xb2ef3000	0x58480	Tcpip	Tcpip	\Driver\Tcpip
0x2061ca8	0xb2f4c000	0x12600	IPSec	IPSec	\Driver\IPSec
0x2062340	0xf89e0000	0x2280	RasAcd	RasAcd	\Driver\RasAcd
0x2062be0	0xf8a90000	0x1080	Beep	Beep	\Driver\Beep
0x2063858	0xb2db1000	0x6f280	MRxSmb	MRxSmb	\FileSystem\MRxSmb
0x2065b30	0xf85e0000	0x8700	Wanarp	Wanarp	\Driver\Wanarp
0x206a250	0xf8620000	0xf900	Cdfs	Cdfs	\FileSystem\Cdfs
0x209f4b8	0xf8770000	0xed80	sysaudio	sysaudio	\Driver\sysaudio
0x20afa38	0xb2e86000	0x22580	prl_fs	prl_fs	\FileSystem\prl_fs
0x20c68b0	0xb2064000	0x40a80	HTTP	HTTP	\Driver\HTTP
0x20f4950	0xf8a48000	0x3c80	mssmbios	mssmbios	\Driver\mssmbios
0x210dbb8	0xb24df000	0x23180	Fastfat	Fastfat	\FileSystem\Fastfat
0x212d200	0x0	0x0	\Driver\Win32k	Win32k	\Driver\Win32k
0x212d790	0xb2503000	0xa7400	Hardlock	Hardlock	\Driver\Hardlock
0x2166f10	0xb2bbb000	0x3900	Ndisuio	Ndisuio	\Driver\Ndisuio
0x216e9f8	0xf88a8000	0x4580	Ptilink	Ptilink	\Driver\Ptilink
0x2172da0	0xb2ecb000	0x27c00	NetBT	NetBT	\Driver\NetBT
0x217a030	0xf826d000	0x17800	ac97intc	ac97intc	\Driver\ac97intc
0x217b030	0xf8760000	0x8900	Gpc	Gpc	\Driver\Gpc
0x217d030	0xf8750000	0xbd00	PptpMiniport	PptpMiniport	\Driver\PptpMiniport
0x2180da0	0xf88b8000	0x5000	Flpydisk	Flpydisk	\Driver\Flpydisk
0x2181268	0xf8710000	0xf600	Cdrom	Cdrom	\Driver\Cdrom
0x21814e8	0xf820f000	0x16580	NdisWan	NdisWan	\Driver\NdisWan
0x2181728	0xf8740000	0xa200	RasPppoe	RasPppoe	\Driver\RasPppoe
0x2182bf8	0xf8a28000	0x3d80	Serenum	Serenum	\Driver\Serenum
0x2186928	0xb277b000	0xf000	NPF	NPF	\Driver\NPF
0x218a5a0	0xb2d8b000	0x25500	IpNat	IpNat	\Driver\IpNat
0x218cbe0	0xb25d3000	0x2c180	MRxDAV	MRxDAV	\FileSystem\MRxDAV
0x218f698	0xf8ab0000	0x1a80	ParVdm	ParVdm	\Driver\ParVdm
0x218fca8	0xb2e49000	0x2ae80	Rdbss	Rdbss	\FileSystem\Rdbss
0x2192d58	0xf8a2c000	0x2780	NdisTapi	NdisTapi	\Driver\NdisTapi
0x219e450	0xb248d000	0x51880	Srv	Srv	\FileSystem\Srv
0x21a1790	0xf8a94000	0x1080	RDPCDD	RDPCDD	\Driver\RDPCDD
0x21a5ca8	0xf88e0000	0x6600	prl_boot	prl_boot	\Driver\prl_boot
0x21a6500	0xf8bce000	0xb80	Null	Null	\Driver\Null
0x21a6950	0xf8a8e000	0x1f00	Fs_Rec	Fs_Rec	\FileSystem\Fs_Rec
0x21a6be0	0xf8abc000	0x1f80	prl_time	prl_time	\Driver\prl_time
0x21a8da0	0xf85a0000	0x8780	NetBIOS	NetBIOS	\FileSystem\NetBIOS
0x21dfbb8	0xb280e000	0x14480	wdmaud	wdmaud	\Driver\wdmaud
0x21e24d0	0xb2ea9000	0x21d00	AFD	AFD	\Driver\AFD
0x21e6880	0xf8730000	0xc880	Rasl2tp	Rasl2tp	\Driver\Rasl2tp
0x21f9e40	0xf8b31000	0xc00	audstub	audstub	\Driver\audstub
0x21f9f38	0xf8700000	0xfc00	Serial	Serial	\Driver\Serial
0x21fa030	0xf82c7000	0x13900	Parport	Parport	\Driver\Parport
0x21fcd78	0xf8890000	0x6b00	Fdc	Fdc	\Driver\Fdc
0x21ff730	0xf8888000	0x5a00	Mouclass	Mouclass	\Driver\Mouclass
0x2200438	0xf8a84000	0x1f00	prl_mouf	prl_mouf	\Driver\prl_mouf
0x2200610	0xf81fe000	0x10e00	PSched	PSched	\Driver\PSched
0x22014b8	0xf8880000	0x6000	Kbdclass	Kbdclass	\Driver\Kbdclass
0x2219730	0xf86f0000	0xcd00	i8042prt	i8042prt	\Driver\i8042prt
0x22384c0	0xf85d0000	0xae00	Fips	Fips	\Driver\Fips
0x22b0030	0xf8878000	0x7600	usbehci	usbehci	\Driver\usbehci
0x22bb9d0	0xf8a20000	0x2880	prl_eth5	prl_eth5	\Driver\prl_eth5
0x22c2718	0xf8868000	0x8000	prl_va	prl_va	\Driver\prl_va
0x22c71f8	0xf86e0000	0x8e00	intelppm	intelppm	\Driver\intelppm
0x2313658	0xf835b000	0x19b80	Mup	Mup	\FileSystem\Mup
0x2313ae0	0xf8375000	0x2c980	NDIS	NDIS	\Driver\NDIS
0x2334850	0xf8870000	0x5080	usbuhci	usbuhci	\Driver\usbuhci
0x2360848	0xf8458000	0x1fb00	FltMgr	FltMgr	\FileSystem\FltMgr
0x2368228	0xf8a54000	0x1580	IntelIde	IntelIde	\Driver\IntelIde
0x2387030	0xf8964000	0x3b80	prl_tg	prl_tg	\Driver\prl_tg
0x23982b8	0xf83a2000	0x8c600	Ntfs	Ntfs	\FileSystem\Ntfs
0x23989e8	0xf842f000	0x16b00	KSecDD	KSecDD	\Driver\KSecDD
0x2398bf8	0xf8446000	0x11f00	sr	sr	\FileSystem\sr
0x239fa08	0xf8580000	0x8e00	Disk	Disk	\Driver\Disk
0x23a0a08	0xf8478000	0x1b000	prl_pv32	prl_pv32	\Driver\prl_pv32
0x23adb90	0xf84d1000	0x1e880	Ftdisk	Ftdisk	\Driver\Ftdisk
0x23ae180	0x0	0x0		RAW	\FileSystem\RAW
0x23af638	0x0	0x0	\Driver\ACPI_HAL	ACPI_HAL	\Driver\ACPI_HAL
0x23c92f0	0xf84f0000	0x10a80	PCI	PCI	\Driver\PCI
0x23cb030	0xf8493000	0x17900	atapi	atapi	\Driver\atapi
0x23cc410	0xf8570000	0xcc80	VolSnap	VolSnap	\Driver\VolSnap
0x23cc508	0xf87d8000	0x4d00	PartMgr	PartMgr	\Driver\PartMgr
0x23cd648	0xf84ab000	0x25700	dmio	dmio	\Driver\dmio
0x23cd860	0xf8a56000	0x1700	dmload	dmload	\Driver\dmload
0x23cef38	0xf8560000	0xa580	MountMgr	MountMgr	\Driver\MountMgr
0x23e58f8	0xf8501000	0x2dd80	ACPI	ACPI	\Driver\ACPI
0x23e6030	0x0	0x0	\Driver\WMIxWDM	WMIxWDM	\Driver\WMIxWDM
0x23e6c50	0xf8550000	0x9180	isapnp	isapnp	\Driver\isapnp
0x23ebb68	0x0	0x0	\Driver\PnpManager	PnpManager	\Driver\PnpManager
