Volatility 3 Framework 2.8.0

PID	Process	Start VPN	End VPN	Tag	Protection	CommitCharge	PrivateMemory	File output	Notes	Hexdump	Disasm

668	csrss.exe	0x7f6f0000	0x7f7effff	Vad 	PAGE_EXECUTE_READWRITE	0	0	Disabled	N/A	
c8 00 00 00 13 01 00 00 ff ee ff ee 08 70 00 00 .............p..
08 00 00 00 00 fe 00 00 00 00 10 00 00 20 00 00 ............. ..
00 02 00 00 00 20 00 00 8d 01 00 00 ff ef fd 7f ..... ..........
03 00 08 06 00 00 00 00 00 00 00 00 00 00 00 00 ................	c8 00 00 00 13 01 00 00 ff ee ff ee 08 70 00 00 08 00 00 00 00 fe 00 00 00 00 10 00 00 20 00 00 00 02 00 00 00 20 00 00 8d 01 00 00 ff ef fd 7f 03 00 08 06 00 00 00 00 00 00 00 00 00 00 00 00
1752	explorer.exe	0x2aa0000	0x2aa0fff	VadS	PAGE_EXECUTE_READWRITE	1	1	Disabled	N/A	
b8 35 00 00 00 e9 a9 d1 e6 79 68 6c 02 00 00 e9 .5.......yhl....
b4 63 e7 79 8b ff 55 8b ec e9 7c 11 d7 79 8b ff .c.y..U...|..y..
55 8b ec e9 01 32 77 74 8b ff 55 8b ec e9 7c 60 U....2wt..U...|`
72 74 8b ff 55 8b ec e9 ca e9 72 74 8b ff 55 8b rt..U.....rt..U.	b8 35 00 00 00 e9 a9 d1 e6 79 68 6c 02 00 00 e9 b4 63 e7 79 8b ff 55 8b ec e9 7c 11 d7 79 8b ff 55 8b ec e9 01 32 77 74 8b ff 55 8b ec e9 7c 60 72 74 8b ff 55 8b ec e9 ca e9 72 74 8b ff 55 8b
1752	explorer.exe	0x3080000	0x30b3fff	VadS	PAGE_EXECUTE_READWRITE	52	1	Disabled	MZ header	
4d 5a 90 00 03 00 00 00 04 00 00 00 ff ff 00 00 MZ..............
b8 00 00 00 00 00 00 00 40 00 00 00 00 00 00 00 ........@.......
00 00 00 00 00 00 00 00 00 00 00 00 00 00 00 00 ................
00 00 00 00 00 00 00 00 00 00 00 00 c0 00 00 00 ................	4d 5a 90 00 03 00 00 00 04 00 00 00 ff ff 00 00 b8 00 00 00 00 00 00 00 40 00 00 00 00 00 00 00 00 00 00 00 00 00 00 00 00 00 00 00 00 00 00 00 00 00 00 00 00 00 00 00 00 00 00 00 c0 00 00 00
1900	SharedIntApp.ex	0xb60000	0xb93fff	VadS	PAGE_EXECUTE_READWRITE	52	1	Disabled	MZ header	
4d 5a 90 00 03 00 00 00 04 00 00 00 ff ff 00 00 MZ..............
b8 00 00 00 00 00 00 00 40 00 00 00 00 00 00 00 ........@.......
00 00 00 00 00 00 00 00 00 00 00 00 00 00 00 00 ................
00 00 00 00 00 00 00 00 00 00 00 00 c0 00 00 00 ................	4d 5a 90 00 03 00 00 00 04 00 00 00 ff ff 00 00 b8 00 00 00 00 00 00 00 40 00 00 00 00 00 00 00 00 00 00 00 00 00 00 00 00 00 00 00 00 00 00 00 00 00 00 00 00 00 00 00 00 00 00 00 c0 00 00 00
1900	SharedIntApp.ex	0xd20000	0xd20fff	VadS	PAGE_EXECUTE_READWRITE	1	1	Disabled	N/A	
b8 35 00 00 00 e9 a9 d1 be 7b 68 6c 02 00 00 e9 .5.......{hl....
b4 63 bf 7b 8b ff 55 8b ec e9 7c 11 af 7b 8b ff .c.{..U...|..{..
55 8b ec e9 01 32 4f 76 8b ff 55 8b ec e9 7c 60 U....2Ov..U...|`
4a 76 8b ff 55 8b ec e9 ca e9 4a 76 8b ff 55 8b Jv..U.....Jv..U.	b8 35 00 00 00 e9 a9 d1 be 7b 68 6c 02 00 00 e9 b4 63 bf 7b 8b ff 55 8b ec e9 7c 11 af 7b 8b ff 55 8b ec e9 01 32 4f 76 8b ff 55 8b ec e9 7c 60 4a 76 8b ff 55 8b ec e9 ca e9 4a 76 8b ff 55 8b
1908	prl_cc.exe	0x1080000	0x10b3fff	VadS	PAGE_EXECUTE_READWRITE	52	1	Disabled	MZ header	
4d 5a 90 00 03 00 00 00 04 00 00 00 ff ff 00 00 MZ..............
b8 00 00 00 00 00 00 00 40 00 00 00 00 00 00 00 ........@.......
00 00 00 00 00 00 00 00 00 00 00 00 00 00 00 00 ................
00 00 00 00 00 00 00 00 00 00 00 00 c0 00 00 00 ................	4d 5a 90 00 03 00 00 00 04 00 00 00 ff ff 00 00 b8 00 00 00 00 00 00 00 40 00 00 00 00 00 00 00 00 00 00 00 00 00 00 00 00 00 00 00 00 00 00 00 00 00 00 00 00 00 00 00 00 00 00 00 c0 00 00 00
1908	prl_cc.exe	0x12e0000	0x12e0fff	VadS	PAGE_EXECUTE_READWRITE	1	1	Disabled	N/A	
b8 35 00 00 00 e9 a9 d1 62 7b 68 6c 02 00 00 e9 .5......b{hl....
b4 63 63 7b 8b ff 55 8b ec e9 7c 11 53 7b 8b ff .cc{..U...|.S{..
55 8b ec e9 01 32 f3 75 8b ff 55 8b ec e9 7c 60 U....2.u..U...|`
ee 75 8b ff 55 8b ec e9 ca e9 ee 75 8b ff 55 8b .u..U......u..U.	b8 35 00 00 00 e9 a9 d1 62 7b 68 6c 02 00 00 e9 b4 63 63 7b 8b ff 55 8b ec e9 7c 11 53 7b 8b ff 55 8b ec e9 01 32 f3 75 8b ff 55 8b ec e9 7c 60 ee 75 8b ff 55 8b ec e9 ca e9 ee 75 8b ff 55 8b
1936	jusched.exe	0x960000	0x993fff	VadS	PAGE_EXECUTE_READWRITE	52	1	Disabled	MZ header	
4d 5a 90 00 03 00 00 00 04 00 00 00 ff ff 00 00 MZ..............
b8 00 00 00 00 00 00 00 40 00 00 00 00 00 00 00 ........@.......
00 00 00 00 00 00 00 00 00 00 00 00 00 00 00 00 ................
00 00 00 00 00 00 00 00 00 00 00 00 c0 00 00 00 ................	4d 5a 90 00 03 00 00 00 04 00 00 00 ff ff 00 00 b8 00 00 00 00 00 00 00 40 00 00 00 00 00 00 00 00 00 00 00 00 00 00 00 00 00 00 00 00 00 00 00 00 00 00 00 00 00 00 00 00 00 00 00 c0 00 00 00
1936	jusched.exe	0xb30000	0xb30fff	VadS	PAGE_EXECUTE_READWRITE	1	1	Disabled	N/A	
b8 35 00 00 00 e9 a9 d1 dd 7b 68 6c 02 00 00 e9 .5.......{hl....
b4 63 de 7b 8b ff 55 8b ec e9 7c 11 ce 7b 8b ff .c.{..U...|..{..
55 8b ec e9 01 32 6e 76 8b ff 55 8b ec e9 7c 60 U....2nv..U...|`
69 76 8b ff 55 8b ec e9 ca e9 69 76 8b ff 55 8b iv..U.....iv..U.	b8 35 00 00 00 e9 a9 d1 dd 7b 68 6c 02 00 00 e9 b4 63 de 7b 8b ff 55 8b ec e9 7c 11 ce 7b 8b ff 55 8b ec e9 01 32 6e 76 8b ff 55 8b ec e9 7c 60 69 76 8b ff 55 8b ec e9 ca e9 69 76 8b ff 55 8b
2180	wscntfy.exe	0xae0000	0xb13fff	VadS	PAGE_EXECUTE_READWRITE	52	1	Disabled	MZ header	
4d 5a 90 00 03 00 00 00 04 00 00 00 ff ff 00 00 MZ..............
b8 00 00 00 00 00 00 00 40 00 00 00 00 00 00 00 ........@.......
00 00 00 00 00 00 00 00 00 00 00 00 00 00 00 00 ................
00 00 00 00 00 00 00 00 00 00 00 00 c0 00 00 00 ................	4d 5a 90 00 03 00 00 00 04 00 00 00 ff ff 00 00 b8 00 00 00 00 00 00 00 40 00 00 00 00 00 00 00 00 00 00 00 00 00 00 00 00 00 00 00 00 00 00 00 00 00 00 00 00 00 00 00 00 00 00 00 c0 00 00 00
2180	wscntfy.exe	0xca0000	0xca0fff	VadS	PAGE_EXECUTE_READWRITE	1	1	Disabled	N/A	
b8 35 00 00 00 e9 a9 d1 c6 7b 68 6c 02 00 00 e9 .5.......{hl....
b4 63 c7 7b 8b ff 55 8b ec e9 7c 11 b7 7b 8b ff .c.{..U...|..{..
55 8b ec e9 01 32 57 76 8b ff 55 8b ec e9 7c 60 U....2Wv..U...|`
52 76 8b ff 55 8b ec e9 ca e9 52 76 8b ff 55 8b Rv..U.....Rv..U.	b8 35 00 00 00 e9 a9 d1 c6 7b 68 6c 02 00 00 e9 b4 63 c7 7b 8b ff 55 8b ec e9 7c 11 b7 7b 8b ff 55 8b ec e9 01 32 57 76 8b ff 55 8b ec e9 7c 60 52 76 8b ff 55 8b ec e9 ca e9 52 76 8b ff 55 8b
940	wuauclt.exe	0xd80000	0xdb3fff	VadS	PAGE_EXECUTE_READWRITE	52	1	Disabled	MZ header	
4d 5a 90 00 03 00 00 00 04 00 00 00 ff ff 00 00 MZ..............
b8 00 00 00 00 00 00 00 40 00 00 00 00 00 00 00 ........@.......
00 00 00 00 00 00 00 00 00 00 00 00 00 00 00 00 ................
00 00 00 00 00 00 00 00 00 00 00 00 c0 00 00 00 ................	4d 5a 90 00 03 00 00 00 04 00 00 00 ff ff 00 00 b8 00 00 00 00 00 00 00 40 00 00 00 00 00 00 00 00 00 00 00 00 00 00 00 00 00 00 00 00 00 00 00 00 00 00 00 00 00 00 00 00 00 00 00 c0 00 00 00
940	wuauclt.exe	0xfb0000	0xfb0fff	VadS	PAGE_EXECUTE_READWRITE	1	1	Disabled	N/A	
b8 35 00 00 00 e9 a9 d1 95 7b 68 6c 02 00 00 e9 .5.......{hl....
b4 63 96 7b 8b ff 55 8b ec e9 7c 11 86 7b 8b ff .c.{..U...|..{..
55 8b ec e9 01 32 26 76 8b ff 55 8b ec e9 7c 60 U....2&v..U...|`
21 76 8b ff 55 8b ec e9 ca e9 21 76 8b ff 55 8b !v..U.....!v..U.	b8 35 00 00 00 e9 a9 d1 95 7b 68 6c 02 00 00 e9 b4 63 96 7b 8b ff 55 8b ec e9 7c 11 86 7b 8b ff 55 8b ec e9 01 32 26 76 8b ff 55 8b ec e9 7c 60 21 76 8b ff 55 8b ec e9 ca e9 21 76 8b ff 55 8b
2972	ImmunityDebugge	0x2340000	0x2373fff	VadS	PAGE_EXECUTE_READWRITE	52	1	Disabled	MZ header	
4d 5a 90 00 03 00 00 00 04 00 00 00 ff ff 00 00 MZ..............
b8 00 00 00 00 00 00 00 40 00 00 00 00 00 00 00 ........@.......
00 00 00 00 00 00 00 00 00 00 00 00 00 00 00 00 ................
00 00 00 00 00 00 00 00 00 00 00 00 c0 00 00 00 ................	4d 5a 90 00 03 00 00 00 04 00 00 00 ff ff 00 00 b8 00 00 00 00 00 00 00 40 00 00 00 00 00 00 00 00 00 00 00 00 00 00 00 00 00 00 00 00 00 00 00 00 00 00 00 00 00 00 00 00 00 00 00 c0 00 00 00
2972	ImmunityDebugge	0x3290000	0x3290fff	VadS	PAGE_EXECUTE_READWRITE	1	1	Disabled	N/A	
b8 35 00 00 00 e9 a9 d1 67 79 68 6c 02 00 00 e9 .5......gyhl....
b4 63 68 79 8b ff 55 8b ec e9 7c 11 58 79 8b ff .chy..U...|.Xy..
55 8b ec e9 01 32 f8 73 8b ff 55 8b ec e9 7c 60 U....2.s..U...|`
f3 73 8b ff 55 8b ec e9 ca e9 f3 73 8b ff 55 8b .s..U......s..U.	b8 35 00 00 00 e9 a9 d1 67 79 68 6c 02 00 00 e9 b4 63 68 79 8b ff 55 8b ec e9 7c 11 58 79 8b ff 55 8b ec e9 01 32 f8 73 8b ff 55 8b ec e9 7c 60 f3 73 8b ff 55 8b ec e9 ca e9 f3 73 8b ff 55 8b
2204	nifek_locked.ex	0x8f0000	0x900fff	VadS	PAGE_EXECUTE_READWRITE	16	1	Disabled	N/A	
00 00 00 00 00 00 00 00 00 00 00 00 00 00 00 00 ................
00 00 00 00 00 00 00 00 00 00 00 00 00 00 00 00 ................
00 00 00 00 00 00 00 00 00 00 00 00 00 00 00 00 ................
00 00 00 00 00 00 00 00 00 00 00 00 00 00 00 00 ................	00 00 00 00 00 00 00 00 00 00 00 00 00 00 00 00 00 00 00 00 00 00 00 00 00 00 00 00 00 00 00 00 00 00 00 00 00 00 00 00 00 00 00 00 00 00 00 00 00 00 00 00 00 00 00 00 00 00 00 00 00 00 00 00
2204	nifek_locked.ex	0x910000	0x943fff	VadS	PAGE_EXECUTE_READWRITE	52	1	Disabled	MZ header	
4d 5a 90 00 03 00 00 00 04 00 00 00 ff ff 00 00 MZ..............
b8 00 00 00 00 00 00 00 40 00 00 00 00 00 00 00 ........@.......
00 00 00 00 00 00 00 00 00 00 00 00 00 00 00 00 ................
00 00 00 00 00 00 00 00 00 00 00 00 c0 00 00 00 ................	4d 5a 90 00 03 00 00 00 04 00 00 00 ff ff 00 00 b8 00 00 00 00 00 00 00 40 00 00 00 00 00 00 00 00 00 00 00 00 00 00 00 00 00 00 00 00 00 00 00 00 00 00 00 00 00 00 00 00 00 00 00 c0 00 00 00
1932	ImmunityDebugge	0x2340000	0x2373fff	VadS	PAGE_EXECUTE_READWRITE	52	1	Disabled	MZ header	
4d 5a 90 00 03 00 00 00 04 00 00 00 ff ff 00 00 MZ..............
b8 00 00 00 00 00 00 00 40 00 00 00 00 00 00 00 ........@.......
00 00 00 00 00 00 00 00 00 00 00 00 00 00 00 00 ................
00 00 00 00 00 00 00 00 00 00 00 00 c0 00 00 00 ................	4d 5a 90 00 03 00 00 00 04 00 00 00 ff ff 00 00 b8 00 00 00 00 00 00 00 40 00 00 00 00 00 00 00 00 00 00 00 00 00 00 00 00 00 00 00 00 00 00 00 00 00 00 00 00 00 00 00 00 00 00 00 c0 00 00 00
1932	ImmunityDebugge	0x32d0000	0x32d0fff	VadS	PAGE_EXECUTE_READWRITE	1	1	Disabled	N/A	
b8 35 00 00 00 e9 a9 d1 63 79 68 6c 02 00 00 e9 .5......cyhl....
b4 63 64 79 8b ff 55 8b ec e9 7c 11 54 79 8b ff .cdy..U...|.Ty..
55 8b ec e9 01 32 f4 73 8b ff 55 8b ec e9 7c 60 U....2.s..U...|`
ef 73 8b ff 55 8b ec e9 ca e9 ef 73 8b ff 55 8b .s..U......s..U.	b8 35 00 00 00 e9 a9 d1 63 79 68 6c 02 00 00 e9 b4 63 64 79 8b ff 55 8b ec e9 7c 11 54 79 8b ff 55 8b ec e9 01 32 f4 73 8b ff 55 8b ec e9 7c 60 ef 73 8b ff 55 8b ec e9 ca e9 ef 73 8b ff 55 8b
952	vaelh.exe	0x950000	0x967fff	VadS	PAGE_EXECUTE_READWRITE	24	1	Disabled	N/A	
58 5b 8b e5 53 50 eb 63 00 a8 01 00 08 06 c0 ce X[..SP.c........
4a 40 81 62 7a 41 b6 cb 64 9e ee c1 3e e6 62 27 J@.bzA..d...>.b'
fd b0 fa f2 04 a8 7f f5 5d 53 bb fb 6c 2a 03 01 ........]S..l*..
00 5b 09 01 00 d0 61 01 00 6c 93 00 00 64 ce 00 .[....a..l...d..	58 5b 8b e5 53 50 eb 63 00 a8 01 00 08 06 c0 ce 4a 40 81 62 7a 41 b6 cb 64 9e ee c1 3e e6 62 27 fd b0 fa f2 04 a8 7f f5 5d 53 bb fb 6c 2a 03 01 00 5b 09 01 00 d0 61 01 00 6c 93 00 00 64 ce 00
952	vaelh.exe	0xa40000	0xa73fff	VadS	PAGE_EXECUTE_READWRITE	52	1	Disabled	MZ header	
4d 5a 90 00 03 00 00 00 04 00 00 00 ff ff 00 00 MZ..............
b8 00 00 00 00 00 00 00 40 00 00 00 00 00 00 00 ........@.......
00 00 00 00 00 00 00 00 00 00 00 00 00 00 00 00 ................
00 00 00 00 00 00 00 00 00 00 00 00 c0 00 00 00 ................	4d 5a 90 00 03 00 00 00 04 00 00 00 ff ff 00 00 b8 00 00 00 00 00 00 00 40 00 00 00 00 00 00 00 00 00 00 00 00 00 00 00 00 00 00 00 00 00 00 00 00 00 00 00 00 00 00 00 00 00 00 00 c0 00 00 00
3788	ImmunityDebugge	0x2340000	0x2373fff	VadS	PAGE_EXECUTE_READWRITE	52	1	Disabled	MZ header	
4d 5a 90 00 03 00 00 00 04 00 00 00 ff ff 00 00 MZ..............
b8 00 00 00 00 00 00 00 40 00 00 00 00 00 00 00 ........@.......
00 00 00 00 00 00 00 00 00 00 00 00 00 00 00 00 ................
00 00 00 00 00 00 00 00 00 00 00 00 c0 00 00 00 ................	4d 5a 90 00 03 00 00 00 04 00 00 00 ff ff 00 00 b8 00 00 00 00 00 00 00 40 00 00 00 00 00 00 00 00 00 00 00 00 00 00 00 00 00 00 00 00 00 00 00 00 00 00 00 00 00 00 00 00 00 00 00 c0 00 00 00
3788	ImmunityDebugge	0x3290000	0x3290fff	VadS	PAGE_EXECUTE_READWRITE	1	1	Disabled	N/A	
b8 35 00 00 00 e9 a9 d1 67 79 68 6c 02 00 00 e9 .5......gyhl....
b4 63 68 79 8b ff 55 8b ec e9 7c 11 58 79 8b ff .chy..U...|.Xy..
55 8b ec e9 01 32 f8 73 8b ff 55 8b ec e9 7c 60 U....2.s..U...|`
f3 73 8b ff 55 8b ec e9 ca e9 f3 73 8b ff 55 8b .s..U......s..U.	b8 35 00 00 00 e9 a9 d1 67 79 68 6c 02 00 00 e9 b4 63 68 79 8b ff 55 8b ec e9 7c 11 58 79 8b ff 55 8b ec e9 01 32 f8 73 8b ff 55 8b ec e9 7c 60 f3 73 8b ff 55 8b ec e9 ca e9 f3 73 8b ff 55 8b
3508	anaxu.exe	0x3a0000	0x3affff	VadS	PAGE_EXECUTE_READWRITE	15	1	Disabled	N/A	
00 00 00 00 00 00 00 00 00 00 00 00 00 00 00 00 ................
00 00 00 00 00 00 00 00 00 00 00 00 00 00 00 00 ................
00 00 00 00 00 00 00 00 00 00 00 00 00 00 00 00 ................
00 00 00 00 00 00 00 00 00 00 00 00 00 00 00 00 ................	00 00 00 00 00 00 00 00 00 00 00 00 00 00 00 00 00 00 00 00 00 00 00 00 00 00 00 00 00 00 00 00 00 00 00 00 00 00 00 00 00 00 00 00 00 00 00 00 00 00 00 00 00 00 00 00 00 00 00 00 00 00 00 00
3508	anaxu.exe	0x3c0000	0x3f2fff	VadS	PAGE_EXECUTE_READWRITE	51	1	Disabled	N/A	
58 c9 50 e8 d9 01 00 00 4d 79 73 74 69 63 20 43 X.P.....Mystic C
6f 6d 70 72 65 73 73 6f 72 00 9b 8e 01 00 42 6e ompressor.....Bn
9b a4 00 e0 01 00 d9 db 4e f0 00 00 00 00 55 8b ........N.....U.
ec 60 33 c0 8b 55 08 8b 4d 0c 3b c8 75 0a 8b fa .`3..U..M.;.u...	58 c9 50 e8 d9 01 00 00 4d 79 73 74 69 63 20 43 6f 6d 70 72 65 73 73 6f 72 00 9b 8e 01 00 42 6e 9b a4 00 e0 01 00 d9 db 4e f0 00 00 00 00 55 8b ec 60 33 c0 8b 55 08 8b 4d 0c 3b c8 75 0a 8b fa
3508	anaxu.exe	0x920000	0x939fff	VadS	PAGE_EXECUTE_READWRITE	26	1	Disabled	N/A	
58 c9 50 e8 d9 01 00 00 4d 79 73 74 69 63 20 43 X.P.....Mystic C
6f 6d 70 72 65 73 73 6f 72 00 9b 8e 01 00 42 6e ompressor.....Bn
9b a4 00 e0 01 00 d9 db 4e f0 00 00 00 00 55 8b ........N.....U.
ec 60 33 c0 8b 55 08 8b 4d 0c 3b c8 75 0a 8b fa .`3..U..M.;.u...	58 c9 50 e8 d9 01 00 00 4d 79 73 74 69 63 20 43 6f 6d 70 72 65 73 73 6f 72 00 9b 8e 01 00 42 6e 9b a4 00 e0 01 00 d9 db 4e f0 00 00 00 00 55 8b ec 60 33 c0 8b 55 08 8b 4d 0c 3b c8 75 0a 8b fa
3508	anaxu.exe	0xa00000	0xa33fff	VadS	PAGE_EXECUTE_READWRITE	52	1	Disabled	MZ header	
4d 5a 90 00 03 00 00 00 04 00 00 00 ff ff 00 00 MZ..............
b8 00 00 00 00 00 00 00 40 00 00 00 00 00 00 00 ........@.......
00 00 00 00 00 00 00 00 00 00 00 00 00 00 00 00 ................
00 00 00 00 00 00 00 00 00 00 00 00 c0 00 00 00 ................	4d 5a 90 00 03 00 00 00 04 00 00 00 ff ff 00 00 b8 00 00 00 00 00 00 00 40 00 00 00 00 00 00 00 00 00 00 00 00 00 00 00 00 00 00 00 00 00 00 00 00 00 00 00 00 00 00 00 00 00 00 00 c0 00 00 00
2404	ImmunityDebugge	0x2340000	0x2373fff	VadS	PAGE_EXECUTE_READWRITE	52	1	Disabled	MZ header	
4d 5a 90 00 03 00 00 00 04 00 00 00 ff ff 00 00 MZ..............
b8 00 00 00 00 00 00 00 40 00 00 00 00 00 00 00 ........@.......
00 00 00 00 00 00 00 00 00 00 00 00 00 00 00 00 ................
00 00 00 00 00 00 00 00 00 00 00 00 c0 00 00 00 ................	4d 5a 90 00 03 00 00 00 04 00 00 00 ff ff 00 00 b8 00 00 00 00 00 00 00 40 00 00 00 00 00 00 00 00 00 00 00 00 00 00 00 00 00 00 00 00 00 00 00 00 00 00 00 00 00 00 00 00 00 00 00 c0 00 00 00
2404	ImmunityDebugge	0x32d0000	0x32d0fff	VadS	PAGE_EXECUTE_READWRITE	1	1	Disabled	N/A	
b8 35 00 00 00 e9 a9 d1 63 79 68 6c 02 00 00 e9 .5......cyhl....
b4 63 64 79 8b ff 55 8b ec e9 7c 11 54 79 8b ff .cdy..U...|.Ty..
55 8b ec e9 01 32 f4 73 8b ff 55 8b ec e9 7c 60 U....2.s..U...|`
ef 73 8b ff 55 8b ec e9 ca e9 ef 73 8b ff 55 8b .s..U......s..U.	b8 35 00 00 00 e9 a9 d1 63 79 68 6c 02 00 00 e9 b4 63 64 79 8b ff 55 8b ec e9 7c 11 54 79 8b ff 55 8b ec e9 01 32 f4 73 8b ff 55 8b ec e9 7c 60 ef 73 8b ff 55 8b ec e9 ca e9 ef 73 8b ff 55 8b
3772	b98679df6defbb3	0x380000	0x3a3fff	VadS	PAGE_EXECUTE_READWRITE	36	1	Disabled	N/A	
90 90 90 90 5a 89 e5 83 ec 14 8b 5d 00 83 eb 05 ....Z......]....
be 0b 88 01 00 29 f3 89 1c 24 b9 84 44 02 00 01 .....)...$..D...
d9 8b 09 89 4c 24 0c b9 74 43 02 00 01 d9 8b 09 ....L$..tC......
89 4c 24 10 57 be 00 10 00 00 01 de b9 0b 78 01 .L$.W.........x.	90 90 90 90 5a 89 e5 83 ec 14 8b 5d 00 83 eb 05 be 0b 88 01 00 29 f3 89 1c 24 b9 84 44 02 00 01 d9 8b 09 89 4c 24 0c b9 74 43 02 00 01 d9 8b 09 89 4c 24 10 57 be 00 10 00 00 01 de b9 0b 78 01
3772	b98679df6defbb3	0x9a0000	0x9d3fff	VadS	PAGE_EXECUTE_READWRITE	52	1	Disabled	MZ header	
4d 5a 90 00 03 00 00 00 04 00 00 00 ff ff 00 00 MZ..............
b8 00 00 00 00 00 00 00 40 00 00 00 00 00 00 00 ........@.......
00 00 00 00 00 00 00 00 00 00 00 00 00 00 00 00 ................
00 00 00 00 00 00 00 00 00 00 00 00 c0 00 00 00 ................	4d 5a 90 00 03 00 00 00 04 00 00 00 ff ff 00 00 b8 00 00 00 00 00 00 00 40 00 00 00 00 00 00 00 00 00 00 00 00 00 00 00 00 00 00 00 00 00 00 00 00 00 00 00 00 00 00 00 00 00 00 00 c0 00 00 00
3772	b98679df6defbb3	0xa30000	0xa30fff	VadS	PAGE_EXECUTE_READWRITE	1	1	Disabled	N/A	
b8 35 00 00 00 e9 a9 d1 ed 7b 68 6c 02 00 00 e9 .5.......{hl....
b4 63 ee 7b 8b ff 55 8b ec e9 7c 11 de 7b 8b ff .c.{..U...|..{..
55 8b ec e9 01 32 7e 76 8b ff 55 8b ec e9 7c 60 U....2~v..U...|`
79 76 8b ff 55 8b ec e9 ca e9 79 76 8b ff 55 8b yv..U.....yv..U.	b8 35 00 00 00 e9 a9 d1 ed 7b 68 6c 02 00 00 e9 b4 63 ee 7b 8b ff 55 8b ec e9 7c 11 de 7b 8b ff 55 8b ec e9 01 32 7e 76 8b ff 55 8b ec e9 7c 60 79 76 8b ff 55 8b ec e9 ca e9 79 76 8b ff 55 8b
3276	ihah.exe	0x380000	0x3a4fff	VadS	PAGE_EXECUTE_READWRITE	37	1	Disabled	N/A	
90 90 90 90 5a 89 e5 83 ec 14 8b 5d 00 83 eb 05 ....Z......]....
be 94 c2 00 00 29 f3 89 1c 24 b9 98 41 02 00 01 .....)...$..A...
d9 8b 09 89 4c 24 0c b9 30 46 02 00 01 d9 8b 09 ....L$..0F......
89 4c 24 10 57 be 00 10 00 00 01 de b9 94 b2 00 .L$.W...........	90 90 90 90 5a 89 e5 83 ec 14 8b 5d 00 83 eb 05 be 94 c2 00 00 29 f3 89 1c 24 b9 98 41 02 00 01 d9 8b 09 89 4c 24 0c b9 30 46 02 00 01 d9 8b 09 89 4c 24 10 57 be 00 10 00 00 01 de b9 94 b2 00
3276	ihah.exe	0x3f0000	0x3f0fff	VadS	PAGE_EXECUTE_READWRITE	1	1	Disabled	N/A	
b8 35 00 00 00 e9 a9 d1 51 7c 68 6c 02 00 00 e9 .5......Q|hl....
b4 63 52 7c 8b ff 55 8b ec e9 7c 11 42 7c 8b ff .cR|..U...|.B|..
55 8b ec e9 01 32 e2 76 8b ff 55 8b ec e9 7c 60 U....2.v..U...|`
dd 76 8b ff 55 8b ec e9 ca e9 dd 76 8b ff 55 8b .v..U......v..U.	b8 35 00 00 00 e9 a9 d1 51 7c 68 6c 02 00 00 e9 b4 63 52 7c 8b ff 55 8b ec e9 7c 11 42 7c 8b ff 55 8b ec e9 01 32 e2 76 8b ff 55 8b ec e9 7c 60 dd 76 8b ff 55 8b ec e9 ca e9 dd 76 8b ff 55 8b
3276	ihah.exe	0x9a0000	0x9d3fff	VadS	PAGE_EXECUTE_READWRITE	52	1	Disabled	MZ header	
4d 5a 90 00 03 00 00 00 04 00 00 00 ff ff 00 00 MZ..............
b8 00 00 00 00 00 00 00 40 00 00 00 00 00 00 00 ........@.......
00 00 00 00 00 00 00 00 00 00 00 00 00 00 00 00 ................
00 00 00 00 00 00 00 00 00 00 00 00 c0 00 00 00 ................	4d 5a 90 00 03 00 00 00 04 00 00 00 ff ff 00 00 b8 00 00 00 00 00 00 00 40 00 00 00 00 00 00 00 00 00 00 00 00 00 00 00 00 00 00 00 00 00 00 00 00 00 00 00 00 00 00 00 00 00 00 00 c0 00 00 00
3768	rundll32.exe	0xd10000	0xd43fff	VadS	PAGE_EXECUTE_READWRITE	52	1	Disabled	MZ header	
4d 5a 90 00 03 00 00 00 04 00 00 00 ff ff 00 00 MZ..............
b8 00 00 00 00 00 00 00 40 00 00 00 00 00 00 00 ........@.......
00 00 00 00 00 00 00 00 00 00 00 00 00 00 00 00 ................
00 00 00 00 00 00 00 00 00 00 00 00 c0 00 00 00 ................	4d 5a 90 00 03 00 00 00 04 00 00 00 ff ff 00 00 b8 00 00 00 00 00 00 00 40 00 00 00 00 00 00 00 00 00 00 00 00 00 00 00 00 00 00 00 00 00 00 00 00 00 00 00 00 00 00 00 00 00 00 00 c0 00 00 00
3768	rundll32.exe	0xe10000	0xe10fff	VadS	PAGE_EXECUTE_READWRITE	1	1	Disabled	N/A	
b8 35 00 00 00 e9 a9 d1 af 7b 68 6c 02 00 00 e9 .5.......{hl....
b4 63 b0 7b 8b ff 55 8b ec e9 7c 11 a0 7b 8b ff .c.{..U...|..{..
55 8b ec e9 01 32 40 76 8b ff 55 8b ec e9 7c 60 U....2@v..U...|`
3b 76 8b ff 55 8b ec e9 ca e9 3b 76 8b ff 55 8b ;v..U.....;v..U.	b8 35 00 00 00 e9 a9 d1 af 7b 68 6c 02 00 00 e9 b4 63 b0 7b 8b ff 55 8b ec e9 7c 11 a0 7b 8b ff 55 8b ec e9 01 32 40 76 8b ff 55 8b ec e9 7c 60 3b 76 8b ff 55 8b ec e9 ca e9 3b 76 8b ff 55 8b
