Volatility 3 Framework 2.8.0

PID	PPID	ImageFileName	Offset(V)	Threads	Handles	SessionId	Wow64	CreateTime	ExitTime	Audit	Cmd	Path

4	0	System	0x823c8a00	57	671	N/A	False	N/A	N/A	-	-	-
* 596	4	smss.exe	0x82292da0	3	19	N/A	False	2010-09-02 12:25:18.000000 UTC	N/A	\Device\HarddiskVolume1\WINDOWS\system32\smss.exe	\SystemRoot\System32\smss.exe	\SystemRoot\System32\smss.exe
** 692	596	winlogon.exe	0x822c09f8	21	588	0	False	2010-09-02 12:25:22.000000 UTC	N/A	\Device\HarddiskVolume1\WINDOWS\system32\winlogon.exe	winlogon.exe	\??\C:\WINDOWS\system32\winlogon.exe
*** 744	692	services.exe	0x821a5da0	15	279	0	False	2010-09-02 12:25:22.000000 UTC	N/A	\Device\HarddiskVolume1\WINDOWS\system32\services.exe	C:\WINDOWS\system32\services.exe	C:\WINDOWS\system32\services.exe
**** 992	744	svchost.exe	0x822c8bf8	10	277	0	False	2010-09-02 12:25:22.000000 UTC	N/A	\Device\HarddiskVolume1\WINDOWS\system32\svchost.exe	C:\WINDOWS\system32\svchost -k rpcss	C:\WINDOWS\system32\svchost.exe
**** 1192	744	svchost.exe	0x8214f488	13	175	0	False	2010-09-02 12:25:23.000000 UTC	N/A	\Device\HarddiskVolume1\WINDOWS\system32\svchost.exe	C:\WINDOWS\system32\svchost.exe -k LocalService	C:\WINDOWS\system32\svchost.exe
**** 488	744	sqlservr.exe	0x8208abf0	25	306	0	False	2010-09-02 12:25:33.000000 UTC	N/A	\Device\HarddiskVolume1\Program Files\Microsoft SQL Server\MSSQL.1\MSSQL\Binn\sqlservr.exe	"c:\Program Files\Microsoft SQL Server\MSSQL.1\MSSQL\Binn\sqlservr.exe" -sSQLEXPRESS	c:\Program Files\Microsoft SQL Server\MSSQL.1\MSSQL\Binn\sqlservr.exe
**** 364	744	svchost.exe	0x82129370	4	88	0	False	2010-09-02 12:25:33.000000 UTC	N/A	\Device\HarddiskVolume1\WINDOWS\system32\svchost.exe	-	-
**** 912	744	svchost.exe	0x82150b90	20	202	0	False	2010-09-02 12:25:22.000000 UTC	N/A	\Device\HarddiskVolume1\WINDOWS\system32\svchost.exe	C:\WINDOWS\system32\svchost -k DcomLaunch	C:\WINDOWS\system32\svchost.exe
**** 1616	744	spoolsv.exe	0x82095500	13	140	0	False	2010-09-02 12:25:24.000000 UTC	N/A	\Device\HarddiskVolume1\WINDOWS\system32\spoolsv.exe	C:\WINDOWS\system32\spoolsv.exe	C:\WINDOWS\system32\spoolsv.exe
**** 1140	744	svchost.exe	0x821521b0	6	81	0	False	2010-09-02 12:25:22.000000 UTC	N/A	\Device\HarddiskVolume1\WINDOWS\system32\svchost.exe	C:\WINDOWS\system32\svchost.exe -k NetworkService	C:\WINDOWS\system32\svchost.exe
**** 436	744	prl_tools_servi	0x82189530	3	78	0	False	2010-09-02 12:25:36.000000 UTC	N/A	\Device\HarddiskVolume1\Program Files\Parallels\Parallels Tools\Services\prl_tools_service.exe	-	-
***** 632	436	prl_tools.exe	0x82086798	9	107	0	False	2010-09-02 12:25:36.000000 UTC	N/A	\Device\HarddiskVolume1\Program Files\Parallels\Parallels Tools\Services\prl_tools.exe	"C:\Program Files\Parallels\Parallels Tools\Services\prl_tools.exe"	C:\Program Files\Parallels\Parallels Tools\Services\prl_tools.exe
**** 660	744	sqlwriter.exe	0x821aa7e8	4	84	0	False	2010-09-02 12:25:36.000000 UTC	N/A	\Device\HarddiskVolume1\Program Files\Microsoft SQL Server\90\Shared\sqlwriter.exe	"c:\Program Files\Microsoft SQL Server\90\Shared\sqlwriter.exe"	c:\Program Files\Microsoft SQL Server\90\Shared\sqlwriter.exe
**** 472	744	jqs.exe	0x82089558	5	146	0	False	2010-09-02 12:25:33.000000 UTC	N/A	\Device\HarddiskVolume1\Program Files\Java\jre6\bin\jqs.exe	"C:\Program Files\Java\jre6\bin\jqs.exe" -service -config "C:\Program Files\Java\jre6\lib\deploy\jqs\jqs.conf"	C:\Program Files\Java\jre6\bin\jqs.exe
**** 1436	744	iscsiexe.exe	0x8221e278	6	78	0	False	2010-09-02 12:25:24.000000 UTC	N/A	\Device\HarddiskVolume1\WINDOWS\system32\iscsiexe.exe	C:\WINDOWS\System32\iscsiexe.exe	C:\WINDOWS\System32\iscsiexe.exe
**** 1084	744	svchost.exe	0x82151da0	58	1327	0	False	2010-09-02 12:25:22.000000 UTC	N/A	\Device\HarddiskVolume1\WINDOWS\system32\svchost.exe	C:\WINDOWS\System32\svchost.exe -k netsvcs	C:\WINDOWS\System32\svchost.exe
***** 3984	1084	wuauclt.exe	0x81eab2f8	8	325	0	False	2010-09-09 19:52:45.000000 UTC	N/A	\Device\HarddiskVolume1\WINDOWS\system32\wuauclt.exe	"C:\WINDOWS\system32\wuauclt.exe" /RunStoreAsComServer Local\[43c]SUSDS82f0c54ad7b58b46a717b19ec999e73f	C:\WINDOWS\system32\wuauclt.exe
***** 940	1084	wuauclt.exe	0x8205dda0	4	126	0	False	2010-09-02 12:26:40.000000 UTC	N/A	\Device\HarddiskVolume1\WINDOWS\system32\wuauclt.exe	"C:\WINDOWS\system32\wuauclt.exe"	C:\WINDOWS\system32\wuauclt.exe
***** 2180	1084	wscntfy.exe	0x8213dda0	3	48	0	False	2010-09-02 12:25:41.000000 UTC	N/A	\Device\HarddiskVolume1\WINDOWS\system32\wscntfy.exe	C:\WINDOWS\system32\wscntfy.exe	C:\WINDOWS\system32\wscntfy.exe
***** 3768	1084	rundll32.exe	0x82311648	1	53	0	False	2010-09-09 19:56:33.000000 UTC	N/A	\Device\HarddiskVolume1\WINDOWS\system32\rundll32.exe	C:\WINDOWS\System32\rundll32.exe C:\WINDOWS\System32\firewall.cpl,ShowNotificationDialog /configure "C:\WINDOWS\explorer.exe"	C:\WINDOWS\System32\rundll32.exe
**** 2588	744	alg.exe	0x81e8a368	6	107	0	False	2010-09-02 12:25:44.000000 UTC	N/A	\Device\HarddiskVolume1\WINDOWS\system32\alg.exe	-	-
**** 572	744	coherence.exe	0x82077da0	4	51	0	False	2010-09-02 12:25:36.000000 UTC	N/A	\Device\HarddiskVolume1\Program Files\Parallels\Parallels Tools\Services\coherence.exe	-	-
*** 756	692	lsass.exe	0x822c8798	24	437	0	False	2010-09-02 12:25:22.000000 UTC	N/A	\Device\HarddiskVolume1\WINDOWS\system32\lsass.exe	C:\WINDOWS\system32\lsass.exe	C:\WINDOWS\system32\lsass.exe
** 668	596	csrss.exe	0x821f2978	14	471	0	False	2010-09-02 12:25:21.000000 UTC	N/A	\Device\HarddiskVolume1\WINDOWS\system32\csrss.exe	C:\WINDOWS\system32\csrss.exe ObjectDirectory=\Windows SharedSection=1024,3072,512 Windows=On SubSystemType=Windows ServerDll=basesrv,1 ServerDll=winsrv:UserServerDllInitialization,3 ServerDll=winsrv:ConServerDllInitialization,2 ProfileControl=Off MaxRequestThreads=16	\??\C:\WINDOWS\system32\csrss.exe
1752	1720	explorer.exe	0x821b2020	22	520	0	False	2010-09-02 12:25:25.000000 UTC	N/A	\Device\HarddiskVolume1\WINDOWS\explorer.exe	C:\WINDOWS\Explorer.EXE	C:\WINDOWS\Explorer.EXE
* 2404	1752	ImmunityDebugge	0x82066478	2	85	0	False	2010-09-09 19:56:19.000000 UTC	N/A	\Device\HarddiskVolume1\Program Files\Immunity Inc\Immunity Debugger\ImmunityDebugger.exe	"C:\Program Files\Immunity Inc\Immunity Debugger\ImmunityDebugger.exe" "C:\Documents and Settings\Administrator\Desktop\b98679df6defbb3dc0e12463880c9dd7.exe"	C:\Program Files\Immunity Inc\Immunity Debugger\ImmunityDebugger.exe
** 3772	2404	b98679df6defbb3	0x81f4bb28	1	46	0	False	2010-09-09 19:56:19.000000 UTC	N/A	\Device\HarddiskVolume1\Documents and Settings\Administrator\Desktop\b98679df6defbb3dc0e12463880c9dd7.exe	"C:\Documents and Settings\Administrator\Desktop\b98679df6defbb3dc0e12463880c9dd7.exe"	C:\Documents and Settings\Administrator\Desktop\b98679df6defbb3dc0e12463880c9dd7.exe
*** 3276	3772	ihah.exe	0x81e87da0	1	45	0	False	2010-09-09 19:56:32.000000 UTC	N/A	\Device\HarddiskVolume1\Documents and Settings\Administrator\Application Data\Obyt\ihah.exe	"C:\Documents and Settings\Administrator\Application Data\Obyt\ihah.exe"	C:\Documents and Settings\Administrator\Application Data\Obyt\ihah.exe
* 1900	1752	SharedIntApp.ex	0x822b96c0	3	75	0	False	2010-09-02 12:25:25.000000 UTC	N/A	\Device\HarddiskVolume1\Program Files\Parallels\Parallels Tools\SIA\SharedIntApp.exe	"C:\Program Files\Parallels\Parallels Tools\SIA\SharedIntApp.exe" /start	C:\Program Files\Parallels\Parallels Tools\SIA\SharedIntApp.exe
* 1932	1752	ImmunityDebugge	0x82282380	2	86	0	False	2010-09-08 19:23:02.000000 UTC	N/A	\Device\HarddiskVolume1\Program Files\Immunity Inc\Immunity Debugger\ImmunityDebugger.exe	"C:\Program Files\Immunity Inc\Immunity Debugger\ImmunityDebugger.exe" "C:\Documents and Settings\Administrator\Desktop\vaelh.exe"	C:\Program Files\Immunity Inc\Immunity Debugger\ImmunityDebugger.exe
** 952	1932	vaelh.exe	0x8223c020	2	40	0	False	2010-09-08 19:23:02.000000 UTC	N/A	\Device\HarddiskVolume1\Documents and Settings\Administrator\Desktop\vaelh.exe	"C:\Documents and Settings\Administrator\Desktop\vaelh.exe"	C:\Documents and Settings\Administrator\Desktop\vaelh.exe
* 3788	1752	ImmunityDebugge	0x81ffb6d8	2	103	0	False	2010-09-08 22:39:40.000000 UTC	N/A	\Device\HarddiskVolume1\Program Files\Immunity Inc\Immunity Debugger\ImmunityDebugger.exe	"C:\Program Files\Immunity Inc\Immunity Debugger\ImmunityDebugger.exe" "C:\Documents and Settings\Administrator\Desktop\anaxu.exe"	C:\Program Files\Immunity Inc\Immunity Debugger\ImmunityDebugger.exe
** 3508	3788	anaxu.exe	0x8219e5c8	2	54	0	False	2010-09-08 22:39:40.000000 UTC	N/A	\Device\HarddiskVolume1\Documents and Settings\Administrator\Desktop\anaxu.exe	"C:\Documents and Settings\Administrator\Desktop\anaxu.exe"	C:\Documents and Settings\Administrator\Desktop\anaxu.exe
* 1936	1752	jusched.exe	0x8212ada0	1	43	0	False	2010-09-02 12:25:26.000000 UTC	N/A	\Device\HarddiskVolume1\Program Files\Java\jre6\bin\jusched.exe	"C:\Program Files\Java\jre6\bin\jusched.exe" 	C:\Program Files\Java\jre6\bin\jusched.exe
* 1908	1752	prl_cc.exe	0x820ee580	14	133	0	False	2010-09-02 12:25:25.000000 UTC	N/A	\Device\HarddiskVolume1\Program Files\Parallels\Parallels Tools\prl_cc.exe	"C:\Program Files\Parallels\Parallels Tools\prl_cc.exe" 	C:\Program Files\Parallels\Parallels Tools\prl_cc.exe
* 2972	1752	ImmunityDebugge	0x82001ad0	2	87	0	False	2010-09-08 19:14:36.000000 UTC	N/A	\Device\HarddiskVolume1\Program Files\Immunity Inc\Immunity Debugger\ImmunityDebugger.exe	"C:\Program Files\Immunity Inc\Immunity Debugger\ImmunityDebugger.exe" "C:\Documents and Settings\Administrator\Desktop\nifek_locked.exe"	C:\Program Files\Immunity Inc\Immunity Debugger\ImmunityDebugger.exe
** 2204	2972	nifek_locked.ex	0x8207bda0	2	38	0	False	2010-09-08 19:14:36.000000 UTC	N/A	\Device\HarddiskVolume1\Documents and Settings\Administrator\Desktop\nifek_locked.exe	"C:\Documents and Settings\Administrator\Desktop\nifek_locked.exe"	C:\Documents and Settings\Administrator\Desktop\nifek_locked.exe
