Volatility 3 Framework 2.8.0

Offset	Order	PID	Start	State	Type	Name	Display	Binary	Binary (Registry)	Dll

0x381e90	1	N/A	SERVICE_DISABLED	SERVICE_STOPPED	SERVICE_KERNEL_DRIVER	Abiosdsk	Abiosdsk	N/A	-	-
0x381f20	2	N/A	SERVICE_DISABLED	SERVICE_STOPPED	SERVICE_KERNEL_DRIVER	abp480n5	abp480n5	N/A	-	-
0x381fb0	3	N/A	SERVICE_DEMAND_START	SERVICE_RUNNING	SERVICE_KERNEL_DRIVER	ac97intc	Intel(r) 82801 Audio Driver Install Service (WDM)	\Driver\ac97intc	-	-
0x382040	4	N/A	SERVICE_BOOT_START	SERVICE_RUNNING	SERVICE_KERNEL_DRIVER	ACPI	Microsoft ACPI Driver	\Driver\ACPI	-	-
0x3820c8	5	N/A	SERVICE_DISABLED	SERVICE_STOPPED	SERVICE_KERNEL_DRIVER	ACPIEC	ACPIEC	N/A	-	-
0x382158	6	N/A	SERVICE_DISABLED	SERVICE_STOPPED	SERVICE_KERNEL_DRIVER	adpu160m	adpu160m	N/A	-	-
0x3821e8	7	N/A	SERVICE_DEMAND_START	SERVICE_STOPPED	SERVICE_KERNEL_DRIVER	aec	Microsoft Kernel Acoustic Echo Canceller	N/A	-	-
0x382270	8	N/A	SERVICE_SYSTEM_START	SERVICE_RUNNING	SERVICE_KERNEL_DRIVER	AFD	AFD	\Driver\AFD	-	-
0x3822f8	9	N/A	SERVICE_DISABLED	SERVICE_STOPPED	SERVICE_KERNEL_DRIVER	Aha154x	Aha154x	N/A	-	-
0x382388	10	N/A	SERVICE_DISABLED	SERVICE_STOPPED	SERVICE_KERNEL_DRIVER	aic78u2	aic78u2	N/A	-	-
0x382418	11	N/A	SERVICE_DISABLED	SERVICE_STOPPED	SERVICE_KERNEL_DRIVER	aic78xx	aic78xx	N/A	-	-
0x3824a8	12	N/A	SERVICE_DEMAND_START	SERVICE_STOPPED	SERVICE_KERNEL_DRIVER	akshasp	Aladdin HASP Key	N/A	-	-
0x382538	13	N/A	SERVICE_DEMAND_START	SERVICE_STOPPED	SERVICE_KERNEL_DRIVER	aksusb	Aladdin USB Key	N/A	-	-
0x3825c8	14	N/A	SERVICE_DISABLED	SERVICE_STOPPED	SERVICE_WIN32_SHARE_PROCESS	Alerter	Alerter	N/A	-	-
0x382658	15	2588	SERVICE_DEMAND_START	SERVICE_RUNNING	SERVICE_WIN32_OWN_PROCESS	ALG	Application Layer Gateway Service	C:\WINDOWS\System32\alg.exe	-	-
0x3826e0	16	N/A	SERVICE_DISABLED	SERVICE_STOPPED	SERVICE_KERNEL_DRIVER	AliIde	AliIde	N/A	-	-
0x382770	17	N/A	SERVICE_DISABLED	SERVICE_STOPPED	SERVICE_KERNEL_DRIVER	amsint	amsint	N/A	-	-
0x382800	18	N/A	SERVICE_DEMAND_START	SERVICE_STOPPED	SERVICE_WIN32_SHARE_PROCESS	AppMgmt	Application Management	N/A	-	-
0x382890	19	N/A	SERVICE_DISABLED	SERVICE_STOPPED	SERVICE_KERNEL_DRIVER	asc	asc	N/A	-	-
0x382918	20	N/A	SERVICE_DISABLED	SERVICE_STOPPED	SERVICE_KERNEL_DRIVER	asc3350p	asc3350p	N/A	-	-
0x3829a8	21	N/A	SERVICE_DISABLED	SERVICE_STOPPED	SERVICE_KERNEL_DRIVER	asc3550	asc3550	N/A	-	-
0x382a38	22	N/A	SERVICE_DEMAND_START	SERVICE_STOPPED	SERVICE_WIN32_OWN_PROCESS	aspnet_state	ASP.NET State Service	N/A	-	-
0x382ad0	23	N/A	SERVICE_DEMAND_START	SERVICE_STOPPED	SERVICE_KERNEL_DRIVER	AsyncMac	RAS Asynchronous Media Driver	N/A	-	-
0x382b60	24	N/A	SERVICE_BOOT_START	SERVICE_RUNNING	SERVICE_KERNEL_DRIVER	atapi	Standard IDE/ESDI Hard Disk Controller	\Driver\atapi	-	-
0x382be8	25	N/A	SERVICE_DISABLED	SERVICE_STOPPED	SERVICE_KERNEL_DRIVER	Atdisk	Atdisk	N/A	-	-
0x382c78	26	N/A	SERVICE_DEMAND_START	SERVICE_STOPPED	SERVICE_KERNEL_DRIVER	Atmarpc	ATM ARP Client Protocol	N/A	-	-
0x382d08	27	1084	SERVICE_AUTO_START	SERVICE_RUNNING	SERVICE_WIN32_SHARE_PROCESS	AudioSrv	Windows Audio	C:\WINDOWS\System32\svchost.exe -k netsvcs	-	-
0x382d98	28	N/A	SERVICE_DEMAND_START	SERVICE_RUNNING	SERVICE_KERNEL_DRIVER	audstub	Audio Stub Driver	\Driver\audstub	-	-
0x382e28	29	N/A	SERVICE_SYSTEM_START	SERVICE_RUNNING	SERVICE_KERNEL_DRIVER	Beep	Beep	\Driver\Beep	-	-
0x382eb0	30	1084	SERVICE_DEMAND_START	SERVICE_RUNNING	SERVICE_WIN32_SHARE_PROCESS	BITS	Background Intelligent Transfer Service	C:\WINDOWS\System32\svchost.exe -k netsvcs	-	-
0x382f38	31	N/A	SERVICE_AUTO_START	SERVICE_STOPPED	SERVICE_WIN32_SHARE_PROCESS	Browser	Computer Browser	N/A	-	-
0x382fc8	32	N/A	SERVICE_DISABLED	SERVICE_STOPPED	SERVICE_KERNEL_DRIVER	cbidf2k	cbidf2k	N/A	-	-
0x383058	33	N/A	SERVICE_DISABLED	SERVICE_STOPPED	SERVICE_KERNEL_DRIVER	cd20xrnt	cd20xrnt	N/A	-	-
0x3830e8	34	N/A	SERVICE_SYSTEM_START	SERVICE_STOPPED	SERVICE_KERNEL_DRIVER	Cdaudio	Cdaudio	N/A	-	-
0x383178	35	N/A	SERVICE_DISABLED	SERVICE_RUNNING	SERVICE_FILE_SYSTEM_DRIVER	Cdfs	Cdfs	\FileSystem\Cdfs	-	-
0x383200	36	N/A	SERVICE_SYSTEM_START	SERVICE_RUNNING	SERVICE_KERNEL_DRIVER	Cdrom	CD-ROM Driver	\Driver\Cdrom	-	-
0x383288	37	N/A	SERVICE_SYSTEM_START	SERVICE_STOPPED	SERVICE_KERNEL_DRIVER	Changer	Changer	N/A	-	-
0x383318	38	N/A	SERVICE_DEMAND_START	SERVICE_STOPPED	SERVICE_WIN32_SHARE_PROCESS|SERVICE_INTERACTIVE_PROCESS	CiSvc	Indexing Service	N/A	-	-
0x3833a0	39	N/A	SERVICE_DISABLED	SERVICE_STOPPED	SERVICE_WIN32_OWN_PROCESS	ClipSrv	ClipBook	N/A	-	-
0x383430	40	N/A	SERVICE_DEMAND_START	SERVICE_STOPPED	SERVICE_WIN32_OWN_PROCESS	clr_optimization_v2.0.50727_32	.NET Runtime Optimization Service v2.0.50727_X86	N/A	-	-
0x3834f0	41	N/A	SERVICE_DISABLED	SERVICE_STOPPED	SERVICE_KERNEL_DRIVER	CmdIde	CmdIde	N/A	-	-
0x383580	42	N/A	SERVICE_DEMAND_START	SERVICE_STOPPED	SERVICE_WIN32_OWN_PROCESS	COMSysApp	COM+ System Application	N/A	-	-
0x383610	43	N/A	SERVICE_DISABLED	SERVICE_STOPPED	SERVICE_KERNEL_DRIVER	Cpqarray	Cpqarray	N/A	-	-
0x3836a0	44	1084	SERVICE_AUTO_START	SERVICE_RUNNING	SERVICE_WIN32_SHARE_PROCESS	CryptSvc	Cryptographic Services	C:\WINDOWS\System32\svchost.exe -k netsvcs	-	-
0x383730	45	N/A	SERVICE_DISABLED	SERVICE_STOPPED	SERVICE_KERNEL_DRIVER	dac960nt	dac960nt	N/A	-	-
0x3837c0	46	912	SERVICE_AUTO_START	SERVICE_RUNNING	SERVICE_WIN32_SHARE_PROCESS	DcomLaunch	DCOM Server Process Launcher	C:\WINDOWS\system32\svchost -k DcomLaunch	-	-
0x383858	47	1084	SERVICE_AUTO_START	SERVICE_RUNNING	SERVICE_WIN32_SHARE_PROCESS	Dhcp	DHCP Client	C:\WINDOWS\System32\svchost.exe -k netsvcs	-	-
0x3838e0	48	N/A	SERVICE_BOOT_START	SERVICE_RUNNING	SERVICE_KERNEL_DRIVER	Disk	Disk Driver	\Driver\Disk	-	-
0x383968	49	N/A	SERVICE_DEMAND_START	SERVICE_STOPPED	SERVICE_WIN32_SHARE_PROCESS	dmadmin	Logical Disk Manager Administrative Service	N/A	-	-
0x3839f8	50	N/A	SERVICE_DISABLED	SERVICE_STOPPED	SERVICE_KERNEL_DRIVER	dmboot	dmboot	N/A	-	-
0x383a88	51	N/A	SERVICE_BOOT_START	SERVICE_RUNNING	SERVICE_KERNEL_DRIVER	dmio	Logical Disk Manager Driver	\Driver\dmio	-	-
0x383b10	52	N/A	SERVICE_BOOT_START	SERVICE_RUNNING	SERVICE_KERNEL_DRIVER	dmload	dmload	\Driver\dmload	-	-
0x383ba0	53	1084	SERVICE_AUTO_START	SERVICE_RUNNING	SERVICE_WIN32_SHARE_PROCESS	dmserver	Logical Disk Manager	C:\WINDOWS\System32\svchost.exe -k netsvcs	-	-
0x383c30	54	N/A	SERVICE_DEMAND_START	SERVICE_STOPPED	SERVICE_KERNEL_DRIVER	DMusic	Microsoft Kernel DLS Syntheiszer	N/A	-	-
0x383cc0	55	1140	SERVICE_AUTO_START	SERVICE_RUNNING	SERVICE_WIN32_SHARE_PROCESS	Dnscache	DNS Client	C:\WINDOWS\system32\svchost.exe -k NetworkService	-	-
0x383d50	56	N/A	SERVICE_DEMAND_START	SERVICE_STOPPED	SERVICE_WIN32_SHARE_PROCESS	Dot3svc	Wired AutoConfig	N/A	-	-
0x383de0	57	N/A	SERVICE_DISABLED	SERVICE_STOPPED	SERVICE_KERNEL_DRIVER	dpti2o	dpti2o	N/A	-	-
0x383e70	58	N/A	SERVICE_DEMAND_START	SERVICE_STOPPED	SERVICE_KERNEL_DRIVER	drmkaud	Microsoft Kernel DRM Audio Descrambler	N/A	-	-
0x383f00	59	N/A	SERVICE_DEMAND_START	SERVICE_STOPPED	SERVICE_WIN32_SHARE_PROCESS	EapHost	Extensible Authentication Protocol Service	N/A	-	-
0x383f90	60	1084	SERVICE_AUTO_START	SERVICE_RUNNING	SERVICE_WIN32_SHARE_PROCESS	ERSvc	Error Reporting Service	C:\WINDOWS\System32\svchost.exe -k netsvcs	-	-
0x384018	61	744	SERVICE_AUTO_START	SERVICE_RUNNING	SERVICE_WIN32_SHARE_PROCESS	Eventlog	Event Log	C:\WINDOWS\system32\services.exe	-	-
0x3840a8	62	1084	SERVICE_DEMAND_START	SERVICE_RUNNING	SERVICE_WIN32_SHARE_PROCESS	EventSystem	COM+ Event System	C:\WINDOWS\System32\svchost.exe -k netsvcs	-	-
0x384140	63	N/A	SERVICE_DISABLED	SERVICE_RUNNING	SERVICE_FILE_SYSTEM_DRIVER	Fastfat	Fastfat	\FileSystem\Fastfat	-	-
0x3841d0	64	1084	SERVICE_DEMAND_START	SERVICE_RUNNING	SERVICE_WIN32_SHARE_PROCESS	FastUserSwitchingCompatibility	Fast User Switching Compatibility	C:\WINDOWS\System32\svchost.exe -k netsvcs	-	-
0x384290	65	N/A	SERVICE_DEMAND_START	SERVICE_RUNNING	SERVICE_KERNEL_DRIVER	Fdc	Floppy Disk Controller Driver	\Driver\Fdc	-	-
0x384318	66	N/A	SERVICE_SYSTEM_START	SERVICE_RUNNING	SERVICE_KERNEL_DRIVER	Fips	Fips	\Driver\Fips	-	-
0x3843a0	67	N/A	SERVICE_DEMAND_START	SERVICE_RUNNING	SERVICE_KERNEL_DRIVER	Flpydisk	Floppy Disk Driver	\Driver\Flpydisk	-	-
0x384430	68	N/A	SERVICE_BOOT_START	SERVICE_RUNNING	SERVICE_FILE_SYSTEM_DRIVER	FltMgr	FltMgr	\FileSystem\FltMgr	-	-
0x3844c0	69	N/A	SERVICE_DEMAND_START	SERVICE_STOPPED	SERVICE_WIN32_OWN_PROCESS	FontCache3.0.0.0	Windows Presentation Foundation Font Cache 3.0.0.0	N/A	-	-
0x384560	70	N/A	SERVICE_DEMAND_START	SERVICE_STOPPED	SERVICE_KERNEL_DRIVER	FRIdrv	FRIdrv	N/A	-	-
0x3845f0	71	N/A	SERVICE_BOOT_START	SERVICE_RUNNING	SERVICE_KERNEL_DRIVER	Ftdisk	Volume Manager Driver	\Driver\Ftdisk	-	-
0x384680	72	N/A	SERVICE_DEMAND_START	SERVICE_RUNNING	SERVICE_KERNEL_DRIVER	Gpc	Generic Packet Classifier	\Driver\Gpc	-	-
0x384708	73	N/A	SERVICE_AUTO_START	SERVICE_RUNNING	SERVICE_KERNEL_DRIVER	Hardlock	Hardlock	\Driver\Hardlock	-	-
0x384798	74	1084	SERVICE_AUTO_START	SERVICE_RUNNING	SERVICE_WIN32_SHARE_PROCESS	helpsvc	Help and Support	C:\WINDOWS\System32\svchost.exe -k netsvcs	-	-
0x384828	75	N/A	SERVICE_DISABLED	SERVICE_STOPPED	SERVICE_WIN32_SHARE_PROCESS	HidServ	Human Interface Device Access	N/A	-	-
0x3848b8	76	N/A	SERVICE_DEMAND_START	SERVICE_STOPPED	SERVICE_WIN32_SHARE_PROCESS	hkmsvc	Health Key and Certificate Management Service	N/A	-	-
0x384948	77	N/A	SERVICE_DISABLED	SERVICE_STOPPED	SERVICE_KERNEL_DRIVER	hpn	hpn	N/A	-	-
0x3849d0	78	N/A	SERVICE_DEMAND_START	SERVICE_RUNNING	SERVICE_KERNEL_DRIVER	HTTP	HTTP	\Driver\HTTP	-	-
0x384a58	79	N/A	SERVICE_DEMAND_START	SERVICE_STOPPED	SERVICE_WIN32_SHARE_PROCESS	HTTPFilter	HTTP SSL	N/A	-	-
0x384af0	80	N/A	SERVICE_SYSTEM_START	SERVICE_STOPPED	SERVICE_KERNEL_DRIVER	i2omgmt	i2omgmt	N/A	-	-
0x384b80	81	N/A	SERVICE_DISABLED	SERVICE_STOPPED	SERVICE_KERNEL_DRIVER	i2omp	i2omp	N/A	-	-
0x384c08	82	N/A	SERVICE_SYSTEM_START	SERVICE_RUNNING	SERVICE_KERNEL_DRIVER	i8042prt	i8042 Keyboard and PS/2 Mouse Port Driver	\Driver\i8042prt	-	-
0x384c98	83	N/A	SERVICE_DEMAND_START	SERVICE_STOPPED	SERVICE_WIN32_SHARE_PROCESS	idsvc	Windows CardSpace	N/A	-	-
0x384d20	84	N/A	SERVICE_SYSTEM_START	SERVICE_STOPPED	SERVICE_KERNEL_DRIVER	Imapi	CD-Burning Filter Driver	N/A	-	-
0x384da8	85	N/A	SERVICE_DEMAND_START	SERVICE_STOPPED	SERVICE_WIN32_OWN_PROCESS	ImapiService	IMAPI CD-Burning COM Service	N/A	-	-
0x384e40	86	N/A	SERVICE_DISABLED	SERVICE_STOPPED	SERVICE_KERNEL_DRIVER	ini910u	ini910u	N/A	-	-
0x384ed0	87	N/A	SERVICE_BOOT_START	SERVICE_RUNNING	SERVICE_KERNEL_DRIVER	IntelIde	IntelIde	\Driver\IntelIde	-	-
0x384f60	88	N/A	SERVICE_SYSTEM_START	SERVICE_RUNNING	SERVICE_KERNEL_DRIVER	intelppm	Intel Processor Driver	\Driver\intelppm	-	-
0x384ff0	89	N/A	SERVICE_DEMAND_START	SERVICE_STOPPED	SERVICE_KERNEL_DRIVER	Ip6Fw	IPv6 Windows Firewall Driver	N/A	-	-
0x385078	90	N/A	SERVICE_DEMAND_START	SERVICE_STOPPED	SERVICE_KERNEL_DRIVER	IpFilterDriver	IP Traffic Filter Driver	N/A	-	-
0x385118	91	N/A	SERVICE_DEMAND_START	SERVICE_STOPPED	SERVICE_KERNEL_DRIVER	IpInIp	IP in IP Tunnel Driver	N/A	-	-
0x3851a8	92	N/A	SERVICE_DEMAND_START	SERVICE_RUNNING	SERVICE_KERNEL_DRIVER	IpNat	IP Network Address Translator	\Driver\IpNat	-	-
0x385230	93	N/A	SERVICE_SYSTEM_START	SERVICE_RUNNING	SERVICE_KERNEL_DRIVER	IPSec	IPSEC driver	\Driver\IPSec	-	-
0x3852b8	94	N/A	SERVICE_DEMAND_START	SERVICE_STOPPED	SERVICE_KERNEL_DRIVER	IRENUM	IR Enumerator Service	N/A	-	-
0x385348	95	N/A	SERVICE_DEMAND_START	SERVICE_STOPPED	SERVICE_KERNEL_DRIVER	IrpSys	IrpSys	N/A	-	-
0x3853d8	96	N/A	SERVICE_BOOT_START	SERVICE_RUNNING	SERVICE_KERNEL_DRIVER	isapnp	PnP ISA/EISA Bus Driver	\Driver\isapnp	-	-
0x385468	97	N/A	SERVICE_DEMAND_START	SERVICE_RUNNING	SERVICE_KERNEL_DRIVER	iScsiPrt	iScsiPort Driver	\Driver\iScsiPrt	-	-
0x3854f8	98	472	SERVICE_AUTO_START	SERVICE_RUNNING	SERVICE_WIN32_OWN_PROCESS	JavaQuickStarterService	Java Quick Starter	"C:\Program Files\Java\jre6\bin\jqs.exe" -service -config "C:\Program Files\Java\jre6\lib\deploy\jqs\jqs.conf"	-	-
0x3855a8	99	N/A	SERVICE_SYSTEM_START	SERVICE_RUNNING	SERVICE_KERNEL_DRIVER	Kbdclass	Keyboard Class Driver	\Driver\Kbdclass	-	-
0x385638	100	N/A	SERVICE_DEMAND_START	SERVICE_RUNNING	SERVICE_KERNEL_DRIVER	kmixer	Microsoft Kernel Wave Audio Mixer	\Driver\kmixer	-	-
0x3856c8	101	N/A	SERVICE_BOOT_START	SERVICE_RUNNING	SERVICE_KERNEL_DRIVER	KSecDD	KSecDD	\Driver\KSecDD	-	-
0x385758	102	1084	SERVICE_AUTO_START	SERVICE_RUNNING	SERVICE_WIN32_SHARE_PROCESS	LanmanServer	Server	C:\WINDOWS\System32\svchost.exe -k netsvcs	-	-
0x3857f0	103	1084	SERVICE_AUTO_START	SERVICE_RUNNING	SERVICE_WIN32_SHARE_PROCESS	lanmanworkstation	Workstation	C:\WINDOWS\System32\svchost.exe -k netsvcs	-	-
0x385890	104	N/A	SERVICE_SYSTEM_START	SERVICE_STOPPED	SERVICE_KERNEL_DRIVER	lbrtfdc	lbrtfdc	N/A	-	-
0x385920	105	1192	SERVICE_AUTO_START	SERVICE_RUNNING	SERVICE_WIN32_SHARE_PROCESS	LmHosts	TCP/IP NetBIOS Helper	C:\WINDOWS\system32\svchost.exe -k LocalService	-	-
0x3859b0	106	N/A	SERVICE_DISABLED	SERVICE_STOPPED	SERVICE_WIN32_SHARE_PROCESS	Messenger	Messenger	N/A	-	-
0x385a40	107	N/A	SERVICE_SYSTEM_START	SERVICE_RUNNING	SERVICE_KERNEL_DRIVER	mnmdd	mnmdd	\Driver\mnmdd	-	-
0x385ac8	108	N/A	SERVICE_DEMAND_START	SERVICE_STOPPED	SERVICE_WIN32_OWN_PROCESS|SERVICE_INTERACTIVE_PROCESS	mnmsrvc	NetMeeting Remote Desktop Sharing	N/A	-	-
0x385b58	109	N/A	SERVICE_DEMAND_START	SERVICE_STOPPED	SERVICE_KERNEL_DRIVER	Modem	Modem	N/A	-	-
0x385be0	110	N/A	SERVICE_SYSTEM_START	SERVICE_RUNNING	SERVICE_KERNEL_DRIVER	Mouclass	Mouse Class Driver	\Driver\Mouclass	-	-
0x385c70	111	N/A	SERVICE_BOOT_START	SERVICE_RUNNING	SERVICE_KERNEL_DRIVER	MountMgr	MountMgr	\Driver\MountMgr	-	-
0x385d00	112	N/A	SERVICE_DISABLED	SERVICE_STOPPED	SERVICE_KERNEL_DRIVER	mraid35x	mraid35x	N/A	-	-
0x385d90	113	N/A	SERVICE_DEMAND_START	SERVICE_RUNNING	SERVICE_FILE_SYSTEM_DRIVER	MRxDAV	WebDav Client Redirector	\FileSystem\MRxDAV	-	-
0x385e20	114	N/A	SERVICE_SYSTEM_START	SERVICE_RUNNING	SERVICE_FILE_SYSTEM_DRIVER	MRxSmb	MRxSmb	\FileSystem\MRxSmb	-	-
0x385eb0	115	N/A	SERVICE_DEMAND_START	SERVICE_STOPPED	SERVICE_WIN32_OWN_PROCESS	MSDTC	Distributed Transaction Coordinator	N/A	-	-
0x385f38	116	N/A	SERVICE_SYSTEM_START	SERVICE_RUNNING	SERVICE_FILE_SYSTEM_DRIVER	Msfs	Msfs	\FileSystem\Msfs	-	-
0x385fc0	117	1436	SERVICE_AUTO_START	SERVICE_RUNNING	SERVICE_WIN32_OWN_PROCESS	MSiSCSI	Microsoft iSCSI Initiator Service	C:\WINDOWS\System32\iscsiexe.exe	-	-
0x386050	118	N/A	SERVICE_DEMAND_START	SERVICE_STOPPED	SERVICE_WIN32_SHARE_PROCESS	MSIServer	Windows Installer	N/A	-	-
0x3860e0	119	N/A	SERVICE_DEMAND_START	SERVICE_STOPPED	SERVICE_KERNEL_DRIVER	MSKSSRV	Microsoft Streaming Service Proxy	N/A	-	-
0x386170	120	N/A	SERVICE_DEMAND_START	SERVICE_STOPPED	SERVICE_KERNEL_DRIVER	MSPCLOCK	Microsoft Streaming Clock Proxy	N/A	-	-
0x386200	121	N/A	SERVICE_DEMAND_START	SERVICE_STOPPED	SERVICE_KERNEL_DRIVER	MSPQM	Microsoft Streaming Quality Manager Proxy	N/A	-	-
0x386288	122	N/A	SERVICE_DEMAND_START	SERVICE_RUNNING	SERVICE_KERNEL_DRIVER	mssmbios	Microsoft System Management BIOS Driver	\Driver\mssmbios	-	-
0x386318	123	488	SERVICE_AUTO_START	SERVICE_RUNNING	SERVICE_WIN32_OWN_PROCESS	MSSQL$SQLEXPRESS	SQL Server (SQLEXPRESS)	"c:\Program Files\Microsoft SQL Server\MSSQL.1\MSSQL\Binn\sqlservr.exe" -sSQLEXPRESS	-	-
0x3863b8	124	N/A	SERVICE_DISABLED	SERVICE_STOPPED	SERVICE_WIN32_OWN_PROCESS	MSSQLServerADHelper	SQL Server Active Directory Helper	N/A	-	-
0x386460	125	N/A	SERVICE_DISABLED	SERVICE_STOPPED	SERVICE_WIN32_OWN_PROCESS	msvsmon90	Visual Studio 2008 Remote Debugger	N/A	-	-
0x3864f0	126	N/A	SERVICE_BOOT_START	SERVICE_RUNNING	SERVICE_FILE_SYSTEM_DRIVER	Mup	Mup	\FileSystem\Mup	-	-
0x386578	127	N/A	SERVICE_DEMAND_START	SERVICE_STOPPED	SERVICE_WIN32_SHARE_PROCESS	napagent	Network Access Protection Agent	N/A	-	-
0x386608	128	N/A	SERVICE_BOOT_START	SERVICE_RUNNING	SERVICE_KERNEL_DRIVER	NDIS	NDIS System Driver	\Driver\NDIS	-	-
0x386690	129	N/A	SERVICE_DEMAND_START	SERVICE_RUNNING	SERVICE_KERNEL_DRIVER	NdisTapi	Remote Access NDIS TAPI Driver	\Driver\NdisTapi	-	-
0x386720	130	N/A	SERVICE_DEMAND_START	SERVICE_RUNNING	SERVICE_KERNEL_DRIVER	Ndisuio	NDIS Usermode I/O Protocol	\Driver\Ndisuio	-	-
0x3867b0	131	N/A	SERVICE_DEMAND_START	SERVICE_RUNNING	SERVICE_KERNEL_DRIVER	NdisWan	Remote Access NDIS WAN Driver	\Driver\NdisWan	-	-
0x386840	132	N/A	SERVICE_DEMAND_START	SERVICE_RUNNING	SERVICE_KERNEL_DRIVER	NDProxy	NDIS Proxy	\Driver\NDProxy	-	-
0x3868d0	133	N/A	SERVICE_SYSTEM_START	SERVICE_RUNNING	SERVICE_FILE_SYSTEM_DRIVER	NetBIOS	NetBIOS Interface	\FileSystem\NetBIOS	-	-
0x386960	134	N/A	SERVICE_SYSTEM_START	SERVICE_RUNNING	SERVICE_KERNEL_DRIVER	NetBT	NetBios over Tcpip	\Driver\NetBT	-	-
0x3869e8	135	N/A	SERVICE_DISABLED	SERVICE_STOPPED	SERVICE_WIN32_SHARE_PROCESS	NetDDE	Network DDE	N/A	-	-
0x386a78	136	N/A	SERVICE_DISABLED	SERVICE_STOPPED	SERVICE_WIN32_SHARE_PROCESS	NetDDEdsdm	Network DDE DSDM	N/A	-	-
0x386b10	137	N/A	SERVICE_DEMAND_START	SERVICE_STOPPED	SERVICE_WIN32_SHARE_PROCESS	Netlogon	Net Logon	N/A	-	-
0x386ba0	138	1084	SERVICE_DEMAND_START	SERVICE_RUNNING	SERVICE_WIN32_SHARE_PROCESS|SERVICE_INTERACTIVE_PROCESS	Netman	Network Connections	C:\WINDOWS\System32\svchost.exe -k netsvcs	-	-
0x386c30	139	N/A	SERVICE_DISABLED	SERVICE_STOPPED	SERVICE_WIN32_SHARE_PROCESS	NetTcpPortSharing	Net.Tcp Port Sharing Service	N/A	-	-
0x386cd0	140	1084	SERVICE_DEMAND_START	SERVICE_RUNNING	SERVICE_WIN32_SHARE_PROCESS	Nla	Network Location Awareness (NLA)	C:\WINDOWS\System32\svchost.exe -k netsvcs	-	-
0x386d58	141	N/A	SERVICE_DEMAND_START	SERVICE_STOPPED	SERVICE_KERNEL_DRIVER	nm	Network Monitor Driver	N/A	-	-
0x386de0	142	N/A	SERVICE_AUTO_START	SERVICE_RUNNING	SERVICE_KERNEL_DRIVER	NPF	NetGroup Packet Filter Driver	\Driver\NPF	-	-
0x386e68	143	N/A	SERVICE_SYSTEM_START	SERVICE_RUNNING	SERVICE_FILE_SYSTEM_DRIVER	Npfs	Npfs	\FileSystem\Npfs	-	-
0x386ef0	144	N/A	SERVICE_DISABLED	SERVICE_RUNNING	SERVICE_FILE_SYSTEM_DRIVER	Ntfs	Ntfs	\FileSystem\Ntfs	-	-
0x386f78	145	N/A	SERVICE_DEMAND_START	SERVICE_STOPPED	SERVICE_WIN32_SHARE_PROCESS	NtLmSsp	NT LM Security Support Provider	N/A	-	-
0x387008	146	N/A	SERVICE_DEMAND_START	SERVICE_STOPPED	SERVICE_WIN32_SHARE_PROCESS	NtmsSvc	Removable Storage	N/A	-	-
0x387098	147	N/A	SERVICE_SYSTEM_START	SERVICE_RUNNING	SERVICE_KERNEL_DRIVER	Null	Null	\Driver\Null	-	-
0x387120	148	N/A	SERVICE_DEMAND_START	SERVICE_STOPPED	SERVICE_KERNEL_DRIVER	NwlnkFlt	IPX Traffic Filter Driver	N/A	-	-
0x3871b0	149	N/A	SERVICE_DEMAND_START	SERVICE_STOPPED	SERVICE_KERNEL_DRIVER	NwlnkFwd	IPX Traffic Forwarder Driver	N/A	-	-
0x387240	150	N/A	SERVICE_DEMAND_START	SERVICE_STOPPED	SERVICE_WIN32_OWN_PROCESS	odserv	Microsoft Office Diagnostics Service	N/A	-	-
0x3872d0	151	N/A	SERVICE_DEMAND_START	SERVICE_STOPPED	SERVICE_WIN32_OWN_PROCESS	ose	Office Source Engine	N/A	-	-
0x387358	152	572	SERVICE_AUTO_START	SERVICE_RUNNING	SERVICE_WIN32_OWN_PROCESS	Parallels Coherence Service	Parallels Coherence Service	C:\Program Files\Parallels\Parallels Tools\Services\coherence.exe	-	-
0x387410	153	436	SERVICE_AUTO_START	SERVICE_RUNNING	SERVICE_WIN32_OWN_PROCESS	Parallels Tools Service	Parallels Tools Service	C:\Program Files\Parallels\Parallels Tools\Services\prl_tools_service.exe	-	-
0x3874c0	154	N/A	SERVICE_DEMAND_START	SERVICE_RUNNING	SERVICE_KERNEL_DRIVER	Parport	Parallel port driver	\Driver\Parport	-	-
0x387550	155	N/A	SERVICE_BOOT_START	SERVICE_RUNNING	SERVICE_KERNEL_DRIVER	PartMgr	PartMgr	\Driver\PartMgr	-	-
0x3875e0	156	N/A	SERVICE_AUTO_START	SERVICE_RUNNING	SERVICE_KERNEL_DRIVER	ParVdm	ParVdm	\Driver\ParVdm	-	-
0x387670	157	N/A	SERVICE_BOOT_START	SERVICE_RUNNING	SERVICE_KERNEL_DRIVER	PCI	PCI Bus Driver	\Driver\PCI	-	-
0x3876f8	158	N/A	SERVICE_SYSTEM_START	SERVICE_STOPPED	SERVICE_KERNEL_DRIVER	PCIDump	PCIDump	N/A	-	-
0x387788	159	N/A	SERVICE_DISABLED	SERVICE_STOPPED	SERVICE_KERNEL_DRIVER	PCIIde	PCIIde	N/A	-	-
0x387818	160	N/A	SERVICE_DISABLED	SERVICE_STOPPED	SERVICE_KERNEL_DRIVER	Pcmcia	Pcmcia	N/A	-	-
0x3878a8	161	N/A	SERVICE_DEMAND_START	SERVICE_STOPPED	SERVICE_KERNEL_DRIVER	PDCOMP	PDCOMP	N/A	-	-
0x387938	162	N/A	SERVICE_DEMAND_START	SERVICE_STOPPED	SERVICE_KERNEL_DRIVER	PDFRAME	PDFRAME	N/A	-	-
0x3879c8	163	N/A	SERVICE_DEMAND_START	SERVICE_STOPPED	SERVICE_KERNEL_DRIVER	PDRELI	PDRELI	N/A	-	-
0x387a58	164	N/A	SERVICE_DEMAND_START	SERVICE_STOPPED	SERVICE_KERNEL_DRIVER	PDRFRAME	PDRFRAME	N/A	-	-
0x387ae8	165	N/A	SERVICE_DISABLED	SERVICE_STOPPED	SERVICE_KERNEL_DRIVER	perc2	perc2	N/A	-	-
0x387b70	166	N/A	SERVICE_DISABLED	SERVICE_STOPPED	SERVICE_KERNEL_DRIVER	perc2hib	perc2hib	N/A	-	-
0x387c00	167	744	SERVICE_AUTO_START	SERVICE_RUNNING	SERVICE_WIN32_SHARE_PROCESS	PlugPlay	Plug and Play	C:\WINDOWS\system32\services.exe	-	-
0x387c90	168	756	SERVICE_AUTO_START	SERVICE_RUNNING	SERVICE_WIN32_SHARE_PROCESS	PolicyAgent	IPSEC Services	C:\WINDOWS\system32\lsass.exe	-	-
0x387d28	169	N/A	SERVICE_DEMAND_START	SERVICE_RUNNING	SERVICE_KERNEL_DRIVER	PptpMiniport	WAN Miniport (PPTP)	\Driver\PptpMiniport	-	-
0x387dc0	170	N/A	SERVICE_SYSTEM_START	SERVICE_RUNNING	SERVICE_KERNEL_DRIVER	prl_boot	prl_boot	\Driver\prl_boot	-	-
0x387e50	171	N/A	SERVICE_DEMAND_START	SERVICE_RUNNING	SERVICE_KERNEL_DRIVER	prl_eth5	Parallels Ethernet Adapter	\Driver\prl_eth5	-	-
0x387ee0	172	N/A	SERVICE_SYSTEM_START	SERVICE_RUNNING	SERVICE_FILE_SYSTEM_DRIVER	prl_fs	Parallels Shared Folders	\FileSystem\prl_fs	-	-
0x387f70	173	N/A	SERVICE_DEMAND_START	SERVICE_RUNNING	SERVICE_KERNEL_DRIVER	prl_mouf	Parallels Mouse Synchronization Device	\Driver\prl_mouf	-	-
0x388000	174	N/A	SERVICE_BOOT_START	SERVICE_RUNNING	SERVICE_KERNEL_DRIVER	prl_pv32	prl_pv32	\Driver\prl_pv32	-	-
0x388090	175	N/A	SERVICE_BOOT_START	SERVICE_RUNNING	SERVICE_KERNEL_DRIVER	prl_tg	Parallels Tool Device	\Driver\prl_tg	-	-
0x388120	176	N/A	SERVICE_AUTO_START	SERVICE_RUNNING	SERVICE_KERNEL_DRIVER	prl_time	Parallels Time Synchronization Helper	\Driver\prl_time	-	-
0x3881b0	177	N/A	SERVICE_DEMAND_START	SERVICE_RUNNING	SERVICE_KERNEL_DRIVER	prl_va	Parallels Video Adapter	\Driver\prl_va	-	-
0x388240	178	756	SERVICE_AUTO_START	SERVICE_RUNNING	SERVICE_WIN32_SHARE_PROCESS|SERVICE_INTERACTIVE_PROCESS	ProtectedStorage	Protected Storage	C:\WINDOWS\system32\lsass.exe	-	-
0x3882e0	179	N/A	SERVICE_DEMAND_START	SERVICE_RUNNING	SERVICE_KERNEL_DRIVER	PSched	QoS Packet Scheduler	\Driver\PSched	-	-
0x388370	180	N/A	SERVICE_DEMAND_START	SERVICE_RUNNING	SERVICE_KERNEL_DRIVER	Ptilink	Direct Parallel Link Driver	\Driver\Ptilink	-	-
0x388400	181	N/A	SERVICE_DISABLED	SERVICE_STOPPED	SERVICE_KERNEL_DRIVER	ql1080	ql1080	N/A	-	-
0x388490	182	N/A	SERVICE_DISABLED	SERVICE_STOPPED	SERVICE_KERNEL_DRIVER	Ql10wnt	Ql10wnt	N/A	-	-
0x388520	183	N/A	SERVICE_DISABLED	SERVICE_STOPPED	SERVICE_KERNEL_DRIVER	ql12160	ql12160	N/A	-	-
0x3885b0	184	N/A	SERVICE_DISABLED	SERVICE_STOPPED	SERVICE_KERNEL_DRIVER	ql1240	ql1240	N/A	-	-
0x388640	185	N/A	SERVICE_DISABLED	SERVICE_STOPPED	SERVICE_KERNEL_DRIVER	ql1280	ql1280	N/A	-	-
0x3886d0	186	N/A	SERVICE_SYSTEM_START	SERVICE_RUNNING	SERVICE_KERNEL_DRIVER	RasAcd	Remote Access Auto Connection Driver	\Driver\RasAcd	-	-
0x388760	187	N/A	SERVICE_DEMAND_START	SERVICE_STOPPED	SERVICE_WIN32_SHARE_PROCESS	RasAuto	Remote Access Auto Connection Manager	N/A	-	-
0x3887f0	188	N/A	SERVICE_DEMAND_START	SERVICE_RUNNING	SERVICE_KERNEL_DRIVER	Rasl2tp	WAN Miniport (L2TP)	\Driver\Rasl2tp	-	-
0x388880	189	N/A	SERVICE_DEMAND_START	SERVICE_STOPPED	SERVICE_WIN32_SHARE_PROCESS	RasMan	Remote Access Connection Manager	N/A	-	-
0x388910	190	N/A	SERVICE_DEMAND_START	SERVICE_RUNNING	SERVICE_KERNEL_DRIVER	RasPppoe	Remote Access PPPOE Driver	\Driver\RasPppoe	-	-
0x3889a0	191	N/A	SERVICE_DEMAND_START	SERVICE_RUNNING	SERVICE_KERNEL_DRIVER	Raspti	Direct Parallel	\Driver\Raspti	-	-
0x388a30	192	N/A	SERVICE_SYSTEM_START	SERVICE_RUNNING	SERVICE_FILE_SYSTEM_DRIVER	Rdbss	Rdbss	\FileSystem\Rdbss	-	-
0x388ab8	193	N/A	SERVICE_SYSTEM_START	SERVICE_RUNNING	SERVICE_KERNEL_DRIVER	RDPCDD	RDPCDD	\Driver\RDPCDD	-	-
0x388b48	194	N/A	SERVICE_DEMAND_START	SERVICE_RUNNING	SERVICE_KERNEL_DRIVER	rdpdr	Terminal Server Device Redirector Driver	\Driver\rdpdr	-	-
0x388bd0	195	N/A	SERVICE_DEMAND_START	SERVICE_STOPPED	SERVICE_KERNEL_DRIVER	RDPWD	RDPWD	N/A	-	-
0x388c58	196	N/A	SERVICE_DEMAND_START	SERVICE_STOPPED	SERVICE_WIN32_OWN_PROCESS	RDSessMgr	Remote Desktop Help Session Manager	N/A	-	-
0x388ce8	197	N/A	SERVICE_SYSTEM_START	SERVICE_STOPPED	SERVICE_KERNEL_DRIVER	redbook	Digital CD Audio Playback Filter Driver	N/A	-	-
0x388d78	198	N/A	SERVICE_DISABLED	SERVICE_STOPPED	SERVICE_WIN32_SHARE_PROCESS	RemoteAccess	Routing and Remote Access	N/A	-	-
0x388e10	199	1192	SERVICE_AUTO_START	SERVICE_RUNNING	SERVICE_WIN32_SHARE_PROCESS	RemoteRegistry	Remote Registry	C:\WINDOWS\system32\svchost.exe -k LocalService	-	-
0x388eb0	200	N/A	SERVICE_DEMAND_START	SERVICE_STOPPED	SERVICE_WIN32_OWN_PROCESS	rpcapd	Remote Packet Capture Protocol v.0 (experimental)	N/A	-	-
0x388f40	201	N/A	SERVICE_DEMAND_START	SERVICE_STOPPED	SERVICE_WIN32_OWN_PROCESS	RpcLocator	Remote Procedure Call (RPC) Locator	N/A	-	-
0x388fd8	202	992	SERVICE_AUTO_START	SERVICE_RUNNING	SERVICE_WIN32_OWN_PROCESS	RpcSs	Remote Procedure Call (RPC)	C:\WINDOWS\system32\svchost -k rpcss	-	-
0x389060	203	N/A	SERVICE_DEMAND_START	SERVICE_STOPPED	SERVICE_WIN32_OWN_PROCESS	RSVP	QoS RSVP	N/A	-	-
0x3890e8	204	N/A	SERVICE_DEMAND_START	SERVICE_STOPPED	SERVICE_KERNEL_DRIVER	rtl8029	Realtek RTL8029(AS)-based PCI Ethernet Adapter NT Driver	N/A	-	-
0x389178	205	756	SERVICE_AUTO_START	SERVICE_RUNNING	SERVICE_WIN32_SHARE_PROCESS	SamSs	Security Accounts Manager	C:\WINDOWS\system32\lsass.exe	-	-
0x389200	206	N/A	SERVICE_DEMAND_START	SERVICE_STOPPED	SERVICE_WIN32_SHARE_PROCESS	SCardSvr	Smart Card	N/A	-	-
0x389290	207	1084	SERVICE_AUTO_START	SERVICE_RUNNING	SERVICE_WIN32_SHARE_PROCESS	Schedule	Task Scheduler	C:\WINDOWS\System32\svchost.exe -k netsvcs	-	-
0x389320	208	N/A	SERVICE_DEMAND_START	SERVICE_STOPPED	SERVICE_KERNEL_DRIVER	Secdrv	Secdrv	N/A	-	-
0x3893b0	209	1084	SERVICE_AUTO_START	SERVICE_RUNNING	SERVICE_WIN32_SHARE_PROCESS|SERVICE_INTERACTIVE_PROCESS	seclogon	Secondary Logon	C:\WINDOWS\System32\svchost.exe -k netsvcs	-	-
0x389440	210	1084	SERVICE_AUTO_START	SERVICE_RUNNING	SERVICE_WIN32_SHARE_PROCESS	SENS	System Event Notification	C:\WINDOWS\System32\svchost.exe -k netsvcs	-	-
0x3894c8	211	N/A	SERVICE_DEMAND_START	SERVICE_RUNNING	SERVICE_KERNEL_DRIVER	Serenum	Serenum Filter Driver	\Driver\Serenum	-	-
0x389558	212	N/A	SERVICE_SYSTEM_START	SERVICE_RUNNING	SERVICE_KERNEL_DRIVER	Serial	Serial port driver	\Driver\Serial	-	-
0x3895e8	213	N/A	SERVICE_SYSTEM_START	SERVICE_STOPPED	SERVICE_KERNEL_DRIVER	Sfloppy	Sfloppy	N/A	-	-
0x389678	214	1084	SERVICE_AUTO_START	SERVICE_RUNNING	SERVICE_WIN32_SHARE_PROCESS	SharedAccess	Windows Firewall/Internet Connection Sharing (ICS)	C:\WINDOWS\System32\svchost.exe -k netsvcs	-	-
0x389710	215	1084	SERVICE_AUTO_START	SERVICE_RUNNING	SERVICE_WIN32_SHARE_PROCESS	ShellHWDetection	Shell Hardware Detection	C:\WINDOWS\System32\svchost.exe -k netsvcs	-	-
0x3897b0	216	N/A	SERVICE_DISABLED	SERVICE_STOPPED	SERVICE_KERNEL_DRIVER	Simbad	Simbad	N/A	-	-
0x389840	217	N/A	SERVICE_DISABLED	SERVICE_STOPPED	SERVICE_KERNEL_DRIVER	Sparrow	Sparrow	N/A	-	-
0x3898d0	218	N/A	SERVICE_DEMAND_START	SERVICE_STOPPED	SERVICE_KERNEL_DRIVER	splitter	Microsoft Kernel Audio Splitter	N/A	-	-
0x389960	219	1616	SERVICE_AUTO_START	SERVICE_RUNNING	SERVICE_WIN32_OWN_PROCESS|SERVICE_INTERACTIVE_PROCESS	Spooler	Print Spooler	C:\WINDOWS\system32\spoolsv.exe	-	-
0x3899f0	220	N/A	SERVICE_DISABLED	SERVICE_STOPPED	SERVICE_WIN32_OWN_PROCESS	SQLBrowser	SQL Server Browser	N/A	-	-
0x389a88	221	660	SERVICE_AUTO_START	SERVICE_RUNNING	SERVICE_WIN32_OWN_PROCESS	SQLWriter	SQL Server VSS Writer	"c:\Program Files\Microsoft SQL Server\90\Shared\sqlwriter.exe"	-	-
0x389b18	222	N/A	SERVICE_BOOT_START	SERVICE_RUNNING	SERVICE_FILE_SYSTEM_DRIVER	sr	System Restore Filter Driver	\FileSystem\sr	-	-
0x389ba0	223	1084	SERVICE_AUTO_START	SERVICE_RUNNING	SERVICE_WIN32_SHARE_PROCESS	srservice	System Restore Service	C:\WINDOWS\System32\svchost.exe -k netsvcs	-	-
0x389c30	224	N/A	SERVICE_DEMAND_START	SERVICE_RUNNING	SERVICE_FILE_SYSTEM_DRIVER	Srv	Srv	\FileSystem\Srv	-	-
0x389cb8	225	1192	SERVICE_DEMAND_START	SERVICE_RUNNING	SERVICE_WIN32_SHARE_PROCESS	SSDPSRV	SSDP Discovery Service	C:\WINDOWS\system32\svchost.exe -k LocalService	-	-
0x389d48	226	N/A	SERVICE_DEMAND_START	SERVICE_STOPPED	SERVICE_WIN32_SHARE_PROCESS	stisvc	Windows Image Acquisition (WIA)	N/A	-	-
0x389dd8	227	N/A	SERVICE_DEMAND_START	SERVICE_RUNNING	SERVICE_KERNEL_DRIVER	swenum	Software Bus Driver	\Driver\swenum	-	-
0x389e68	228	N/A	SERVICE_DEMAND_START	SERVICE_STOPPED	SERVICE_KERNEL_DRIVER	swmidi	Microsoft Kernel GS Wavetable Synthesizer	N/A	-	-
0x389ef8	229	N/A	SERVICE_DEMAND_START	SERVICE_STOPPED	SERVICE_WIN32_OWN_PROCESS	SwPrv	MS Software Shadow Copy Provider	N/A	-	-
0x389f80	230	N/A	SERVICE_DISABLED	SERVICE_STOPPED	SERVICE_KERNEL_DRIVER	symc810	symc810	N/A	-	-
0x38a010	231	N/A	SERVICE_DISABLED	SERVICE_STOPPED	SERVICE_KERNEL_DRIVER	symc8xx	symc8xx	N/A	-	-
0x38a0a0	232	N/A	SERVICE_DISABLED	SERVICE_STOPPED	SERVICE_KERNEL_DRIVER	sym_hi	sym_hi	N/A	-	-
0x38a130	233	N/A	SERVICE_DISABLED	SERVICE_STOPPED	SERVICE_KERNEL_DRIVER	sym_u3	sym_u3	N/A	-	-
0x38a1c0	234	N/A	SERVICE_DEMAND_START	SERVICE_RUNNING	SERVICE_KERNEL_DRIVER	sysaudio	Microsoft Kernel System Audio Device	\Driver\sysaudio	-	-
0x38a250	235	N/A	SERVICE_DEMAND_START	SERVICE_STOPPED	SERVICE_WIN32_OWN_PROCESS	SysmonLog	Performance Logs and Alerts	N/A	-	-
0x38a2e0	236	N/A	SERVICE_DEMAND_START	SERVICE_STOPPED	SERVICE_WIN32_SHARE_PROCESS	TapiSrv	Telephony	N/A	-	-
0x38a370	237	N/A	SERVICE_SYSTEM_START	SERVICE_RUNNING	SERVICE_KERNEL_DRIVER	Tcpip	TCP/IP Protocol Driver	\Driver\Tcpip	-	-
0x38a3f8	238	N/A	SERVICE_DEMAND_START	SERVICE_STOPPED	SERVICE_KERNEL_DRIVER	TDPIPE	TDPIPE	N/A	-	-
0x38a488	239	N/A	SERVICE_DEMAND_START	SERVICE_STOPPED	SERVICE_KERNEL_DRIVER	TDTCP	TDTCP	N/A	-	-
0x38a510	240	N/A	SERVICE_SYSTEM_START	SERVICE_RUNNING	SERVICE_KERNEL_DRIVER	TermDD	Terminal Device Driver	\Driver\TermDD	-	-
0x38a5a0	241	912	SERVICE_DEMAND_START	SERVICE_RUNNING	SERVICE_WIN32_SHARE_PROCESS	TermService	Terminal Services	C:\WINDOWS\system32\svchost -k DcomLaunch	-	-
0x38a638	242	1084	SERVICE_AUTO_START	SERVICE_RUNNING	SERVICE_WIN32_SHARE_PROCESS	Themes	Themes	C:\WINDOWS\System32\svchost.exe -k netsvcs	-	-
0x38a6c8	243	N/A	SERVICE_DISABLED	SERVICE_STOPPED	SERVICE_WIN32_OWN_PROCESS	TlntSvr	Telnet	N/A	-	-
0x38a758	244	N/A	SERVICE_DISABLED	SERVICE_STOPPED	SERVICE_KERNEL_DRIVER	TosIde	TosIde	N/A	-	-
0x38a7e8	245	1084	SERVICE_AUTO_START	SERVICE_RUNNING	SERVICE_WIN32_SHARE_PROCESS	TrkWks	Distributed Link Tracking Client	C:\WINDOWS\System32\svchost.exe -k netsvcs	-	-
0x38a878	246	N/A	SERVICE_DISABLED	SERVICE_STOPPED	SERVICE_FILE_SYSTEM_DRIVER	Udfs	Udfs	N/A	-	-
0x38a900	247	N/A	SERVICE_DISABLED	SERVICE_STOPPED	SERVICE_KERNEL_DRIVER	ultra	ultra	N/A	-	-
0x38a988	248	N/A	SERVICE_DEMAND_START	SERVICE_RUNNING	SERVICE_KERNEL_DRIVER	Update	Microcode Update Driver	\Driver\Update	-	-
0x38aa18	249	N/A	SERVICE_DEMAND_START	SERVICE_STOPPED	SERVICE_WIN32_SHARE_PROCESS	upnphost	Universal Plug and Play Device Host	N/A	-	-
0x38aaa8	250	N/A	SERVICE_DEMAND_START	SERVICE_STOPPED	SERVICE_WIN32_OWN_PROCESS	UPS	Uninterruptible Power Supply	N/A	-	-
0x38ab30	251	N/A	SERVICE_DEMAND_START	SERVICE_RUNNING	SERVICE_KERNEL_DRIVER	usbehci	Microsoft USB 2.0 Enhanced Host Controller Miniport Driver	\Driver\usbehci	-	-
0x38abc0	252	N/A	SERVICE_DEMAND_START	SERVICE_RUNNING	SERVICE_KERNEL_DRIVER	usbhub	USB2 Enabled Hub	\Driver\usbhub	-	-
0x38ac50	253	N/A	SERVICE_DEMAND_START	SERVICE_RUNNING	SERVICE_KERNEL_DRIVER	usbuhci	Microsoft USB Universal Host Controller Miniport Driver	\Driver\usbuhci	-	-
0x38ace0	254	N/A	SERVICE_SYSTEM_START	SERVICE_RUNNING	SERVICE_KERNEL_DRIVER	VgaSave	VgaSave	\Driver\VgaSave	-	-
0x38ad70	255	N/A	SERVICE_DISABLED	SERVICE_STOPPED	SERVICE_KERNEL_DRIVER	ViaIde	ViaIde	N/A	-	-
0x38ae00	256	N/A	SERVICE_BOOT_START	SERVICE_RUNNING	SERVICE_KERNEL_DRIVER	VolSnap	VolSnap	\Driver\VolSnap	-	-
0x38ae90	257	N/A	SERVICE_DEMAND_START	SERVICE_STOPPED	SERVICE_WIN32_OWN_PROCESS	VSS	Volume Shadow Copy	N/A	-	-
0x38af18	258	1084	SERVICE_AUTO_START	SERVICE_RUNNING	SERVICE_WIN32_SHARE_PROCESS	W32Time	Windows Time	C:\WINDOWS\System32\svchost.exe -k netsvcs	-	-
0x38afa8	259	N/A	SERVICE_DEMAND_START	SERVICE_RUNNING	SERVICE_KERNEL_DRIVER	Wanarp	Remote Access IP ARP Driver	\Driver\Wanarp	-	-
0x38b038	260	N/A	SERVICE_DEMAND_START	SERVICE_STOPPED	SERVICE_KERNEL_DRIVER	WDICA	WDICA	N/A	-	-
0x38b0c0	261	N/A	SERVICE_DEMAND_START	SERVICE_RUNNING	SERVICE_KERNEL_DRIVER	wdmaud	Microsoft WINMM WDM Audio Compatibility Driver	\Driver\wdmaud	-	-
0x38b150	262	364	SERVICE_AUTO_START	SERVICE_RUNNING	SERVICE_WIN32_OWN_PROCESS	WebClient	WebClient	C:\WINDOWS\system32\svchost.exe -k LocalService	-	-
0x38b1e0	263	1084	SERVICE_AUTO_START	SERVICE_RUNNING	SERVICE_WIN32_SHARE_PROCESS	winmgmt	Windows Management Instrumentation	C:\WINDOWS\System32\svchost.exe -k netsvcs	-	-
0x38b270	264	N/A	SERVICE_DEMAND_START	SERVICE_STOPPED	SERVICE_WIN32_SHARE_PROCESS	WmdmPmSN	Portable Media Serial Number Service	N/A	-	-
0x38b300	265	N/A	SERVICE_DEMAND_START	SERVICE_STOPPED	SERVICE_WIN32_SHARE_PROCESS	Wmi	Windows Management Instrumentation Driver Extensions	N/A	-	-
0x38b388	266	N/A	SERVICE_DEMAND_START	SERVICE_STOPPED	SERVICE_WIN32_OWN_PROCESS	WmiApSrv	WMI Performance Adapter	N/A	-	-
0x38b418	267	1084	SERVICE_AUTO_START	SERVICE_RUNNING	SERVICE_WIN32_SHARE_PROCESS	wscsvc	Security Center	C:\WINDOWS\System32\svchost.exe -k netsvcs	-	-
0x38b4a8	268	1084	SERVICE_AUTO_START	SERVICE_RUNNING	SERVICE_WIN32_SHARE_PROCESS	wuauserv	Automatic Updates	C:\WINDOWS\System32\svchost.exe -k netsvcs	-	-
0x38b538	269	1084	SERVICE_AUTO_START	SERVICE_RUNNING	SERVICE_WIN32_SHARE_PROCESS	WZCSVC	Wireless Zero Configuration	C:\WINDOWS\System32\svchost.exe -k netsvcs	-	-
0x38b5c8	270	N/A	SERVICE_DEMAND_START	SERVICE_STOPPED	SERVICE_WIN32_SHARE_PROCESS	xmlprov	Network Provisioning Service	N/A	-	-
